[01:39:21] [main/INFO]: Loading Minecraft 1.21.1 with Fabric Loader 0.16.3
[01:39:22] [main/INFO]: Loading 110 mods:
	- architectury 13.0.6
	- biomesoplenty 21.1.0.6
	- carryon 2.2.2
	- chunky 1.4.16
	- cloth-config 15.0.140
	   \-- cloth-basic-math 0.6.1
	- collective 7.84
	- comforts 9.0.3+1.21.1
	   |-- cardinal-components-base 6.1.0
	   |-- cardinal-components-entity 6.1.0
	   \-- spectrelib 0.17.2+1.21
	        |-- com_electronwill_night-config_core 3.8.0
	        \-- com_electronwill_night-config_toml 3.8.0
	- connectedglass 1.1.12
	- cupboard 1.21-2.7
	- dynview 1.21-4.0
	- elytraslot 9.0.1+1.21.1
	- explorify 1.6.2
	- fabric-api 0.109.0+1.21.1
	   |-- fabric-api-base 0.4.42+6573ed8c19
	   |-- fabric-api-lookup-api-v1 1.6.70+b559734419
	   |-- fabric-biome-api-v1 13.0.30+be1ed2d719
	   |-- fabric-block-api-v1 1.0.22+0af3f5a719
	   |-- fabric-block-view-api-v2 1.0.10+6573ed8c19
	   |-- fabric-blockrenderlayer-v1 1.1.52+0af3f5a719
	   |-- fabric-client-tags-api-v1 1.1.15+6573ed8c19
	   |-- fabric-command-api-v1 1.2.49+f71b366f19
	   |-- fabric-command-api-v2 2.2.28+6ced4dd919
	   |-- fabric-commands-v0 0.2.66+df3654b319
	   |-- fabric-content-registries-v0 8.0.18+b559734419
	   |-- fabric-convention-tags-v1 2.1.2+7f945d5b19
	   |-- fabric-convention-tags-v2 2.9.2+e60e56d419
	   |-- fabric-crash-report-info-v1 0.2.29+0af3f5a719
	   |-- fabric-data-attachment-api-v1 1.4.0+da19b51a19
	   |-- fabric-data-generation-api-v1 20.2.23+16c4ae2519
	   |-- fabric-dimensions-v1 4.0.0+6fc22b9919
	   |-- fabric-entity-events-v1 1.7.0+2122d82819
	   |-- fabric-events-interaction-v0 0.7.13+ba9dae0619
	   |-- fabric-game-rule-api-v1 1.0.53+6ced4dd919
	   |-- fabric-item-api-v1 11.1.1+d5debaed19
	   |-- fabric-item-group-api-v1 4.1.6+6823f7cd19
	   |-- fabric-key-binding-api-v1 1.0.47+0af3f5a719
	   |-- fabric-keybindings-v0 0.2.45+df3654b319
	   |-- fabric-lifecycle-events-v1 2.5.0+01d9a51c19
	   |-- fabric-loot-api-v2 3.0.15+3f89f5a519
	   |-- fabric-loot-api-v3 1.0.3+3f89f5a519
	   |-- fabric-message-api-v1 6.0.13+6573ed8c19
	   |-- fabric-model-loading-api-v1 2.0.0+fe474d6b19
	   |-- fabric-networking-api-v1 4.3.0+c7469b2119
	   |-- fabric-object-builder-api-v1 15.2.1+40875a9319
	   |-- fabric-particles-v1 4.0.2+6573ed8c19
	   |-- fabric-recipe-api-v1 5.0.13+6508971219
	   |-- fabric-registry-sync-v0 5.1.3+60c3209b19
	   |-- fabric-renderer-api-v1 3.4.0+c705a49c19
	   |-- fabric-renderer-indigo 1.7.0+c705a49c19
	   |-- fabric-renderer-registries-v1 3.2.68+df3654b319
	   |-- fabric-rendering-data-attachment-v1 0.3.48+73761d2e19
	   |-- fabric-rendering-fluids-v1 3.1.6+1daea21519
	   |-- fabric-rendering-v0 1.1.71+df3654b319
	   |-- fabric-rendering-v1 5.0.5+df16efd019
	   |-- fabric-resource-conditions-api-v1 4.3.0+8dc279b119
	   |-- fabric-resource-loader-v0 1.3.1+5b5275af19
	   |-- fabric-screen-api-v1 2.0.25+8b68f1c719
	   |-- fabric-screen-handler-api-v1 1.3.87+b559734419
	   |-- fabric-sound-api-v1 1.0.23+6573ed8c19
	   |-- fabric-transfer-api-v1 5.4.2+95bead5f19
	   \-- fabric-transitive-access-wideners-v1 6.1.0+1daea21519
	- fabricloader 0.16.3
	   \-- mixinextras 0.4.1
	- fallingtree 1.21.1.2
	- fastasyncworldsave 1.21-2.0
	- ferritecore 7.0.2-hotfix
	- fusion 1.1.1
	- glitchcore 2.1.0.0
	   \-- net_jodah_typetools 0.6.3
	- hopobettermineshaft 1.2.7
	- hopobetterruinedportal 1.4.3
	- inmis 2.8.1-1.21.1
	- java 21
	- lithium 0.14.2-snapshot+mc1.21.1-build.90
	- minecraft 1.21.1
	- modernfix 5.19.3+mc1.21.1
	- mr_clifftree 1.7
	- mr_dungeons_andtaverns 1-v4.4.4
	- neruina 2.1.2
	   |-- com_fasterxml_jackson_core_jackson-annotations 2.17.0
	   |-- com_fasterxml_jackson_core_jackson-core 2.17.0
	   |-- com_fasterxml_jackson_core_jackson-databind 2.17.0
	   |-- org_apache_maven_maven-artifact 3.8.1
	   \-- org_kohsuke_github-api 1.318
	- noisium 2.3.0+mc1.21-1.21.1
	- oreharvester 1.4
	- owo 0.12.15+1.21
	   |-- io_wispforest_endec 0.1.5
	   |-- io_wispforest_endec_gson 0.1.3
	   |-- io_wispforest_endec_jankson 0.1.3
	   \-- io_wispforest_endec_netty 0.1.2
	- resource_backpacks 0.7.6-BETA
	- resourceconfigapi 1.21-2.1.5
	- resourcelibrary 1.21.1-2.0.3
	- roughlyenoughitems 16.0.783
	   \-- error_notifier 1.0.11
	- servercore 1.5.5+1.21.1
	   |-- fabric-permissions-api-v0 0.3.1
	   |-- org_yaml_snakeyaml 2.2
	   |-- placeholder-api 2.4.1+1.21
	   |-- space_arim_dazzleconf_dazzleconf-core 1.3.0-M2
	   \-- space_arim_dazzleconf_dazzleconf-ext-snakeyaml 1.3.0-M2
	- shulkerboxtooltip 5.1.1+1.21.1
	- smoothchunk 1.21-3.6
	- spark 1.10.109
	   \-- fabric-permissions-api-v0 0.3.1
	- supermartijn642corelib 1.1.17+c
	- terrablender 4.1.0.3
	- travelersbackpack 10.1.3
	- trinkets 3.10.0
	   |-- cardinal-components-base 6.1.0
	   \-- cardinal-components-entity 6.1.0
	- xaerominimap 24.5.0
	- xaeroworldmap 1.39.0
	- yigd 2.4.11
	   |-- fabric-permissions-api-v0 0.3.1
	   \-- libgui 11.0.0+1.21
	        |-- jankson 8.0.0+j1.2.3
	        |    \-- blue_endless_jankson 1.2.3
	        \-- libninepatch 1.2.0
[01:39:22] [main/INFO]: SpongePowered MIXIN Subsystem Version=0.8.7 Source=file:/workspaces/laughing-giggle/servidor_minecraft/libraries/net/fabricmc/sponge-mixin/0.15.2+mixin.0.8.7/sponge-mixin-0.15.2+mixin.0.8.7.jar Service=Knot/Fabric Env=SERVER
[01:39:23] [main/INFO]: Compatibility level set to JAVA_16
[01:39:23] [main/INFO]: Compatibility level set to JAVA_17
[01:39:23] [main/INFO]: Compatibility level set to JAVA_21
[01:39:23] [main/WARN]: Reference map 'connectedglass.mixins.refmap.json' for connectedglass.mixins.json could not be read. If this is a development environment you can ignore this message
[01:39:23] [main/WARN]: Mod 'ferritecore' attempted to override option 'mixin.alloc.blockstate', which doesn't exist, ignoring
[01:39:23] [main/INFO]: Option 'mixin.entity.collisions.fluid' requires 'mixin.util.block_tracking=true' but found 'false'. Setting 'mixin.entity.collisions.fluid=false'.
[01:39:23] [main/INFO]: Option 'mixin.experimental.entity.block_caching.suffocation' requires 'mixin.util.block_tracking=true' but found 'false'. Setting 'mixin.experimental.entity.block_caching.suffocation=false'.
[01:39:23] [main/INFO]: Option 'mixin.experimental.entity.block_caching.block_support' requires 'mixin.util.block_tracking=true' but found 'false'. Setting 'mixin.experimental.entity.block_caching.block_support=false'.
[01:39:23] [main/INFO]: Option 'mixin.experimental.entity.block_caching.fluid_pushing' requires 'mixin.util.block_tracking=true' but found 'false'. Setting 'mixin.experimental.entity.block_caching.fluid_pushing=false'.
[01:39:23] [main/INFO]: Option 'mixin.experimental.entity.block_caching.block_touching' requires 'mixin.util.block_tracking=true' but found 'false'. Setting 'mixin.experimental.entity.block_caching.block_touching=false'.
[01:39:23] [main/INFO]: Option 'mixin.experimental.entity.block_caching' requires 'mixin.util.block_tracking=true' but found 'false'. Setting 'mixin.experimental.entity.block_caching=false'.
[01:39:23] [main/INFO]: Loaded configuration file for Lithium: 143 options available, 2 override(s) found
[01:39:23] [main/WARN]: Reference map 'lithium.refmap.json' for lithium.mixins.json could not be read. If this is a development environment you can ignore this message
[01:39:23] [main/WARN]: Reference map 'lithium-fabric.refmap.json' for lithium-fabric.mixins.json could not be read. If this is a development environment you can ignore this message
[01:39:23] [main/INFO]: Loaded configuration file for ModernFix 5.19.3+mc1.21.1: 54 options available, 0 override(s) found
[01:39:23] [main/INFO]: Applying Nashorn fix
[01:39:24] [main/INFO]: Force-enabling mixin 'compat.transfer_api.TransferApiHelperMixin' as rule 'mixin.compat.transfer_api' (added by mods [lithium]) enables it
[01:39:24] [main/WARN]: Error loading class: net/minecraft/class_287 (java.lang.ClassNotFoundException: net/minecraft/class_287)
[01:39:24] [main/WARN]: @Mixin target net.minecraft.class_287 was not found owo.mixins.json:BufferBuilderAccessor from mod owo
[01:39:24] [main/WARN]: Error loading class: net/minecraft/class_437 (java.lang.ClassNotFoundException: net/minecraft/class_437)
[01:39:24] [main/WARN]: @Mixin target net.minecraft.class_437 was not found owo.mixins.json:ScreenAccessor from mod owo
[01:39:24] [main/WARN]: Error loading class: xyz/nucleoid/server/translations/impl/language/SystemDelegatedLanguage (java.lang.ClassNotFoundException: xyz/nucleoid/server/translations/impl/language/SystemDelegatedLanguage)
[01:39:24] [main/WARN]: Error loading class: net/fabricmc/fabric/api/client/rendering/v1/EntityModelLayerRegistry$TexturedModelDataProvider (java.lang.ClassNotFoundException: net/fabricmc/fabric/api/client/rendering/v1/EntityModelLayerRegistry$TexturedModelDataProvider)
[01:39:24] [main/INFO]: Initializing MixinExtras via com.llamalad7.mixinextras.service.MixinExtrasServiceImpl(version=0.4.1).
[01:39:30] [main/WARN]: Method overwrite conflict for method_21740 in modernfix-common.mixins.json:perf.remove_biome_temperature_cache.BiomeMixin from mod modernfix, previously written by net.caffeinemc.mods.lithium.mixin.world.temperature_cache.BiomeMixin. Skipping method.
[01:39:34] [main/INFO]: Vanilla bootstrap took 8478 milliseconds
[01:39:34] [main/INFO]: Loaded config for: cupboard.json
[01:39:34] [main/INFO]: Loading Collective version 7.84.
[01:39:35] [main/ERROR]: No data fixer registered for biomesoplenty:boat
[01:39:35] [main/ERROR]: No data fixer registered for biomesoplenty:chest_boat
[01:39:35] [main/ERROR]: No data fixer registered for anomaly
[01:39:35] [main/INFO]: Loading Noisium.
[01:39:35] [main/INFO]: glisco: I like this approach, cause it's stateless. And stateless approaches are always good since state management is pain - BasiqueEvangelist: I like french bread
[01:39:35] [main/INFO]: Registering C2S receiver with id roughlyenoughitems:request_tags_c2s
[01:39:35] [main/INFO]: [REI] Registered plugin provider DefaultPlugin [roughlyenoughitems] for REIPlugin
[01:39:35] [main/INFO]: [REI] Registered plugin provider DefaultRuntimePlugin [roughlyenoughitems] for REIPlugin
[01:39:35] [main/INFO]: [REI] Registered plugin provider ReiCompat [travelersbackpack] for REIPlugin
[01:39:35] [main/INFO]: [REI] Registered plugin provider DefaultPlugin [roughlyenoughitems] for REIServerPlugin
[01:39:35] [main/INFO]: [REI] Registered plugin provider DefaultRuntimePlugin [roughlyenoughitems] for REIServerPlugin
[01:39:35] [main/INFO]: [REI] Registered plugin provider ReiCompat [travelersbackpack] for REIServerPlugin
[01:39:35] [main/INFO]: [REI] Registered plugin provider FabricFluidAPISupportPlugin for REIServerPlugin
[01:39:35] [main/INFO]: [REI] Registered plugin provider FabricFluidAPISupportPlugin for REIPlugin
[01:39:35] [main/INFO]: Registering C2S receiver with id roughlyenoughitems:delete_item
[01:39:35] [main/INFO]: Registering C2S receiver with id roughlyenoughitems:create_item
[01:39:35] [main/INFO]: Registering C2S receiver with id roughlyenoughitems:create_item_grab
[01:39:35] [main/INFO]: Registering C2S receiver with id roughlyenoughitems:create_item_hotbar
[01:39:35] [main/INFO]: Registering C2S receiver with id roughlyenoughitems:move_items
[01:39:35] [main/INFO]: Registering C2S receiver with id roughlyenoughitems:move_items_new
[01:39:35] [main/INFO]: [ServerCore] Loaded V1.5.5+1.21.1!
[01:39:35] [main/INFO]: Registered region minecraft:overworld to index 0 for type OVERWORLD
[01:39:35] [main/INFO]: Registered region minecraft:nether to index 0 for type NETHER
[01:39:35] [main/INFO]: Registered region biomesoplenty:overworld_primary to index 1 for type OVERWORLD
[01:39:35] [main/INFO]: Registered region biomesoplenty:overworld_secondary to index 2 for type OVERWORLD
[01:39:35] [main/INFO]: Registered region biomesoplenty:overworld_rare to index 3 for type OVERWORLD
[01:39:35] [main/INFO]: Registered region biomesoplenty:nether_common to index 1 for type NETHER
[01:39:35] [main/INFO]: Registered region biomesoplenty:nether_rare to index 2 for type NETHER
[01:39:36] [main/ERROR]: No data fixer registered for 
[01:39:36] [main/INFO]: Registered the FluidEffect with Unique ID of minecraft:water for minecraft:water 81000 with the ID 0
[01:39:36] [main/INFO]: Registered the FluidEffect with Unique ID of minecraft:lava for minecraft:lava 81000 with the ID 1
[01:39:36] [main/INFO]: Registered the FluidEffect with Unique ID of travelersbackpack:potion for travelersbackpack:potion_still 27000 with the ID 2
[01:39:36] [main/INFO]: Registered the FluidEffect with Unique ID of travelersbackpack:milk for travelersbackpack:milk_still 81000 with the ID 3
[01:39:36] [main/INFO]: Loading Xaero's Minimap - Stage 1/2 (Server)
[01:39:36] [main/INFO]: Loading Xaero's World Map - Stage 1/2 (Server)
[01:39:36] [main/INFO]: Environment: Environment[sessionHost=https://sessionserver.mojang.com, servicesHost=https://api.minecraftservices.com, name=PROD]
[01:39:40] [Worker-Main-3/WARN]: Found loot table element validation problem in {minecraft:loot_table/minecraft:blocks/snow_block}.pools[0].entries[0]: Unreachable entry!
[01:39:41] [main/INFO]: Loaded 2106 recipes
[01:39:41] [main/ERROR]: Couldn't load advancements: [minecraft:wander_add_map, minecraft:give_quest_trader_trade]
[01:39:41] [main/INFO]: Loaded 2264 advancements
[01:39:41] [main/INFO]: [REI] @@@@@@@@@@@@@@@@@@@@@@@@@@@@@@@@@@@@@@@@
[01:39:41] [main/INFO]: [REI] REIPlugin starting main-reload for START.
[01:39:41] [main/INFO]: [REI] Plugins (4):
[01:39:41] [main/INFO]: [REI]  - (-100.00) DefaultPlugin of DefaultPlugin [roughlyenoughitems]
[01:39:41] [main/INFO]: [REI]  - (0.00) FabricFluidAPISupportPlugin
[01:39:41] [main/INFO]: [REI]  - (0.00) ReiCompat of ReiCompat [travelersbackpack]
[01:39:41] [main/INFO]: [REI]  - (0.00) DefaultRuntimePlugin of DefaultRuntimePlugin [roughlyenoughitems]
[01:39:41] [main/INFO]: [REI] @@@@@@@@@@@@@@@@@@@@@@@@@@@@@@@@@@@@@@@@
[01:39:41] [main/INFO]: [REI] ========================================
[01:39:41] [main/INFO]: [REI] REIServerPlugin starting main-reload for START.
[01:39:41] [main/INFO]: [REI] Plugins (4):
[01:39:41] [main/INFO]: [REI]  - (-100.00) DefaultPlugin of DefaultPlugin [roughlyenoughitems]
[01:39:41] [main/INFO]: [REI]  - (0.00) FabricFluidAPISupportPlugin
[01:39:41] [main/INFO]: [REI]  - (0.00) ReiCompat of ReiCompat [travelersbackpack]
[01:39:41] [main/INFO]: [REI]  - (0.00) DefaultRuntimePlugin of DefaultRuntimePlugin [roughlyenoughitems]
[01:39:41] [main/INFO]: [REI] ========================================
[01:39:41] [main/INFO]: [REI] REIPlugin finished post-reload for START in 2.528 ms, totaling 37.16 ms.
[01:39:41] [main/INFO]: [REI] REIServerPlugin finished post-reload for START in 1.438 ms, totaling 8.339 ms.
[01:39:41] [main/INFO]: [REI] @@@@@@@@@@@@@@@@@@@@@@@@@@@@@@@@@@@@@@@@
[01:39:41] [main/INFO]: [REI] REIPlugin starting main-reload for END.
[01:39:41] [main/INFO]: [REI] Plugins (4):
[01:39:41] [main/INFO]: [REI]  - (-100.00) DefaultPlugin of DefaultPlugin [roughlyenoughitems]
[01:39:41] [main/INFO]: [REI]  - (0.00) FabricFluidAPISupportPlugin
[01:39:41] [main/INFO]: [REI]  - (0.00) ReiCompat of ReiCompat [travelersbackpack]
[01:39:41] [main/INFO]: [REI]  - (0.00) DefaultRuntimePlugin of DefaultRuntimePlugin [roughlyenoughitems]
[01:39:41] [main/INFO]: [REI] @@@@@@@@@@@@@@@@@@@@@@@@@@@@@@@@@@@@@@@@
[01:39:41] [main/INFO]: [REI] ########################################
[01:39:41] [main/INFO]: [REI] REIServerPlugin starting main-reload for END.
[01:39:41] [main/INFO]: [REI] Plugins (4):
[01:39:41] [main/INFO]: [REI]  - (-100.00) DefaultPlugin of DefaultPlugin [roughlyenoughitems]
[01:39:41] [main/INFO]: [REI]  - (0.00) FabricFluidAPISupportPlugin
[01:39:41] [main/INFO]: [REI]  - (0.00) ReiCompat of ReiCompat [travelersbackpack]
[01:39:41] [main/INFO]: [REI]  - (0.00) DefaultRuntimePlugin of DefaultRuntimePlugin [roughlyenoughitems]
[01:39:41] [main/INFO]: [REI] ########################################
[01:39:41] [main/INFO]: [REI] REIPlugin finished post-reload for END in 1.415 ms, totaling 32.70 ms.
[01:39:41] [main/INFO]: [REI] REIServerPlugin finished post-reload for END in 970.9 μs, totaling 14.07 ms.
[01:39:41] [main/INFO]: Reloading grave shape (server)
[01:39:41] [main/INFO]: Grave model and shape reload successful (server)
[01:39:41] [main/INFO]: Reloading YIGD graveyard data (server)
[01:39:41] [main/INFO]: Graveyard data successfully reloaded (server)
[01:39:41] [main/INFO]: Reloading YIGD grave area overrides (server)
[01:39:41] [main/INFO]: Grave area overrides successfully reloaded (server)
[01:39:41] [main/WARN]: Not all defined tags for registry ResourceKey[minecraft:root / minecraft:item] are present in data pack: c:black_dyes, c:blue_dyes, c:brown_dyes, c:cyan_dyes, c:gray_dyes, c:green_dyes, c:light_blue_dyes, c:light_gray_dyes, c:lime_dyes, c:magenta_dyes, c:orange_dyes, c:pink_dyes, c:purple_dyes, c:red_dyes, c:white_dyes, c:yellow_dyes
[01:39:41] [main/INFO]: Initialized TerraBlender biomes for level stem minecraft:the_nether
[01:39:42] [main/INFO]: Initialized TerraBlender biomes for level stem minecraft:overworld
[01:39:42] [main/INFO]: Applied 0 biome modifications to 0 of 160 new biomes in 1.807 ms
[01:39:42] [Server thread/INFO]: Starting background profiler...
[01:39:42] [Server thread/INFO]: Starting minecraft server version 1.21.1
[01:39:42] [Server thread/INFO]: Loading properties
[01:39:42] [Server thread/INFO]: Default game type: SURVIVAL
[01:39:42] [Server thread/INFO]: Generating keypair
[01:39:42] [Server thread/INFO]: Starting Minecraft server on *:25565
[01:39:43] [Server thread/INFO]: Using epoll channel type
[01:39:43] [Server thread/INFO]: Loaded config for: dynamicview.json
[01:39:43] [Server thread/INFO]: Preparing level "world"
[01:39:43] [Server thread/INFO]: Preparing start region for dimension minecraft:overworld
[01:39:43] [Server thread/WARN]: Method overwrite conflict for removeIf in modernfix-common.mixins.json:bugfix.paper_chunk_patches.SortedArraySetMixin from mod modernfix, previously written by net.caffeinemc.mods.lithium.mixin.collections.chunk_tickets.SortedArraySetMixin. Skipping method.
[01:39:45] [Worker-Main-1/INFO]: Preparing spawn area: 0%
[01:39:45] [Worker-Main-1/INFO]: Preparing spawn area: 0%
[01:39:45] [Worker-Main-1/INFO]: Preparing spawn area: 0%
[01:39:45] [Worker-Main-3/INFO]: Preparing spawn area: 0%
[01:39:45] [Server thread/INFO]: Time elapsed: 1741 ms
[01:39:45] [Server thread/INFO]: Done (2.296s)! For help, type "help"
[01:39:45] [Server thread/WARN]: Dedicated server took 28.541 seconds to load
[01:39:45] [Server thread/INFO]: Loaded config for: smoothchunk.json
[01:39:45] [Server thread/INFO]: Loading Xaero's Minimap - Stage 2/2 (Server)
[01:39:45] [Server thread/INFO]: Loading Xaero's World Map - Stage 2/2 (Server)
[01:39:45] [Server thread/INFO]: [STDOUT]: Lithium Cached BlockState Flags are disabled!
