[05:11:06] [main/INFO] ========================================
[05:11:06] [main/INFO] Minecraft: 1.21.1
[05:11:06] [main/INFO] Side: server
[05:11:06] [main/INFO] Development: false
[05:11:06] [main/INFO] Version: 16.0.783
[05:11:06] [main/INFO] Loader:
[05:11:06] [main/INFO] - Fabric: 0.16.3
[05:11:06] [main/INFO] - Fabric API: 0.109.0+1.21.1
[05:11:06] [main/INFO] Dependencies:
[05:11:06] [main/INFO] - Cloth Config: 15.0.140
[05:11:06] [main/INFO] - Architectury: 13.0.6
[05:11:06] [main/INFO] Mixin: 0.8.7
[05:11:06] [main/INFO] OS: Linux 6.5.0-1025-azure (amd64)
[05:11:06] [main/INFO] Java: 21.0.5 (Ubuntu)
[05:11:06] [main/INFO] ========================================
[05:11:06] [main/INFO] Mods:
[05:11:06] [main/INFO] - architectury: 13.0.6
[05:11:06] [main/INFO] - biomesoplenty: 21.1.0.6
[05:11:06] [main/INFO] - blue_endless_jankson: 1.2.3
[05:11:06] [main/INFO] - cardinal-components-base: 6.1.0
[05:11:06] [main/INFO] - cardinal-components-entity: 6.1.0
[05:11:06] [main/INFO] - carryon: 2.2.2
[05:11:06] [main/INFO] - chunky: 1.4.16
[05:11:06] [main/INFO] - cloth-basic-math: 0.6.1
[05:11:06] [main/INFO] - cloth-config: 15.0.140
[05:11:06] [main/INFO] - cloth-config: 15.0.140
[05:11:06] [main/INFO] - collective: 7.84
[05:11:06] [main/INFO] - com_electronwill_night-config_core: 3.8.0
[05:11:06] [main/INFO] - com_electronwill_night-config_toml: 3.8.0
[05:11:06] [main/INFO] - com_fasterxml_jackson_core_jackson-annotations: 2.17.0
[05:11:06] [main/INFO] - com_fasterxml_jackson_core_jackson-core: 2.17.0
[05:11:06] [main/INFO] - com_fasterxml_jackson_core_jackson-databind: 2.17.0
[05:11:06] [main/INFO] - comforts: 9.0.3+1.21.1
[05:11:06] [main/INFO] - connectedglass: 1.1.12
[05:11:06] [main/INFO] - cupboard: 1.21-2.7
[05:11:06] [main/INFO] - dynview: 1.21-4.0
[05:11:06] [main/INFO] - elytraslot: 9.0.1+1.21.1
[05:11:06] [main/INFO] - error_notifier: 1.0.11
[05:11:06] [main/INFO] - explorify: 1.6.2
[05:11:06] [main/INFO] - fabric-api: 0.109.0+1.21.1
[05:11:06] [main/INFO] - fabric-api: 0.109.0+1.21.1
[05:11:06] [main/INFO] - fabric-api-base: 0.4.42+6573ed8c19
[05:11:06] [main/INFO] - fabric-api-lookup-api-v1: 1.6.70+b559734419
[05:11:06] [main/INFO] - fabric-biome-api-v1: 13.0.30+be1ed2d719
[05:11:06] [main/INFO] - fabric-block-api-v1: 1.0.22+0af3f5a719
[05:11:06] [main/INFO] - fabric-block-view-api-v2: 1.0.10+6573ed8c19
[05:11:06] [main/INFO] - fabric-command-api-v1: 1.2.49+f71b366f19
[05:11:06] [main/INFO] - fabric-command-api-v2: 2.2.28+6ced4dd919
[05:11:06] [main/INFO] - fabric-commands-v0: 0.2.66+df3654b319
[05:11:06] [main/INFO] - fabric-content-registries-v0: 8.0.18+b559734419
[05:11:06] [main/INFO] - fabric-convention-tags-v1: 2.1.2+7f945d5b19
[05:11:06] [main/INFO] - fabric-convention-tags-v2: 2.9.2+e60e56d419
[05:11:06] [main/INFO] - fabric-crash-report-info-v1: 0.2.29+0af3f5a719
[05:11:06] [main/INFO] - fabric-data-attachment-api-v1: 1.4.0+da19b51a19
[05:11:06] [main/INFO] - fabric-data-generation-api-v1: 20.2.23+16c4ae2519
[05:11:06] [main/INFO] - fabric-dimensions-v1: 4.0.0+6fc22b9919
[05:11:06] [main/INFO] - fabric-entity-events-v1: 1.7.0+2122d82819
[05:11:06] [main/INFO] - fabric-events-interaction-v0: 0.7.13+ba9dae0619
[05:11:06] [main/INFO] - fabric-game-rule-api-v1: 1.0.53+6ced4dd919
[05:11:06] [main/INFO] - fabric-item-api-v1: 11.1.1+d5debaed19
[05:11:06] [main/INFO] - fabric-item-group-api-v1: 4.1.6+6823f7cd19
[05:11:06] [main/INFO] - fabric-lifecycle-events-v1: 2.5.0+01d9a51c19
[05:11:06] [main/INFO] - fabric-loot-api-v2: 3.0.15+3f89f5a519
[05:11:06] [main/INFO] - fabric-loot-api-v3: 1.0.3+3f89f5a519
[05:11:06] [main/INFO] - fabric-message-api-v1: 6.0.13+6573ed8c19
[05:11:06] [main/INFO] - fabric-networking-api-v1: 4.3.0+c7469b2119
[05:11:06] [main/INFO] - fabric-object-builder-api-v1: 15.2.1+40875a9319
[05:11:06] [main/INFO] - fabric-particles-v1: 4.0.2+6573ed8c19
[05:11:06] [main/INFO] - fabric-permissions-api-v0: 0.3.1
[05:11:06] [main/INFO] - fabric-recipe-api-v1: 5.0.13+6508971219
[05:11:06] [main/INFO] - fabric-registry-sync-v0: 5.1.3+60c3209b19
[05:11:06] [main/INFO] - fabric-rendering-data-attachment-v1: 0.3.48+73761d2e19
[05:11:06] [main/INFO] - fabric-rendering-fluids-v1: 3.1.6+1daea21519
[05:11:06] [main/INFO] - fabric-resource-conditions-api-v1: 4.3.0+8dc279b119
[05:11:06] [main/INFO] - fabric-resource-loader-v0: 1.3.1+5b5275af19
[05:11:06] [main/INFO] - fabric-screen-handler-api-v1: 1.3.87+b559734419
[05:11:06] [main/INFO] - fabric-transfer-api-v1: 5.4.2+95bead5f19
[05:11:06] [main/INFO] - fabric-transitive-access-wideners-v1: 6.1.0+1daea21519
[05:11:06] [main/INFO] - fabricloader: 0.16.3
[05:11:06] [main/INFO] - fallingtree: 1.21.1.2
[05:11:06] [main/INFO] - fastasyncworldsave: 1.21-2.0
[05:11:06] [main/INFO] - ferritecore: 7.0.2-hotfix
[05:11:06] [main/INFO] - fusion: 1.1.1
[05:11:06] [main/INFO] - glitchcore: 2.1.0.0
[05:11:06] [main/INFO] - hopobettermineshaft: 1.2.7
[05:11:06] [main/INFO] - hopobetterruinedportal: 1.4.3
[05:11:06] [main/INFO] - inmis: 2.8.1-1.21.1
[05:11:06] [main/INFO] - io_wispforest_endec: 0.1.5
[05:11:06] [main/INFO] - io_wispforest_endec_gson: 0.1.3
[05:11:06] [main/INFO] - io_wispforest_endec_jankson: 0.1.3
[05:11:06] [main/INFO] - io_wispforest_endec_netty: 0.1.2
[05:11:06] [main/INFO] - jankson: 8.0.0+j1.2.3
[05:11:06] [main/INFO] - java: 21
[05:11:06] [main/INFO] - libgui: 11.0.0+1.21
[05:11:06] [main/INFO] - libninepatch: 1.2.0
[05:11:06] [main/INFO] - lithium: 0.14.2-snapshot+mc1.21.1-build.90
[05:11:06] [main/INFO] - minecraft: 1.21.1
[05:11:06] [main/INFO] - mixinextras: 0.4.1
[05:11:06] [main/INFO] - modernfix: 5.19.3+mc1.21.1
[05:11:06] [main/INFO] - mr_clifftree: 1.7
[05:11:06] [main/INFO] - mr_dungeons_andtaverns: 1-v4.4.4
[05:11:06] [main/INFO] - neruina: 2.1.2
[05:11:06] [main/INFO] - net_jodah_typetools: 0.6.3
[05:11:06] [main/INFO] - noisium: 2.3.0+mc1.21-1.21.1
[05:11:06] [main/INFO] - oreharvester: 1.4
[05:11:06] [main/INFO] - org_apache_maven_maven-artifact: 3.8.1
[05:11:06] [main/INFO] - org_kohsuke_github-api: 1.318
[05:11:06] [main/INFO] - org_yaml_snakeyaml: 2.2
[05:11:06] [main/INFO] - owo: 0.12.15+1.21
[05:11:06] [main/INFO] - placeholder-api: 2.4.1+1.21
[05:11:06] [main/INFO] - resource_backpacks: 0.7.6-BETA
[05:11:06] [main/INFO] - resourceconfigapi: 1.21-2.1.5
[05:11:06] [main/INFO] - resourcelibrary: 1.21.1-2.0.3
[05:11:06] [main/INFO] - roughlyenoughitems: 16.0.783
[05:11:06] [main/INFO] - servercore: 1.5.5+1.21.1
[05:11:06] [main/INFO] - shulkerboxtooltip: 5.1.1+1.21.1
[05:11:06] [main/INFO] - smoothchunk: 1.21-3.6
[05:11:06] [main/INFO] - space_arim_dazzleconf_dazzleconf-core: 1.3.0-M2
[05:11:06] [main/INFO] - space_arim_dazzleconf_dazzleconf-ext-snakeyaml: 1.3.0-M2
[05:11:06] [main/INFO] - spark: 1.10.109
[05:11:06] [main/INFO] - spectrelib: 0.17.2+1.21
[05:11:06] [main/INFO] - supermartijn642corelib: 1.1.17+c
[05:11:06] [main/INFO] - terrablender: 4.1.0.3
[05:11:06] [main/INFO] - travelersbackpack: 10.1.3
[05:11:06] [main/INFO] - trinkets: 3.10.0
[05:11:06] [main/INFO] - xaerominimap: 24.5.0
[05:11:06] [main/INFO] - xaeroworldmap: 1.39.0
[05:11:06] [main/INFO] - yigd: 2.4.11
[05:11:06] [main/INFO] ========================================
[05:11:06] [main/INFO] [REI] Registered plugin provider DefaultPlugin [roughlyenoughitems] for REIPlugin
[05:11:06] [main/INFO] [REI] Registered plugin provider DefaultRuntimePlugin [roughlyenoughitems] for REIPlugin
[05:11:06] [main/INFO] [REI] Registered plugin provider ReiCompat [travelersbackpack] for REIPlugin
[05:11:06] [main/INFO] [REI] Registered plugin provider DefaultPlugin [roughlyenoughitems] for REIServerPlugin
[05:11:06] [main/INFO] [REI] Registered plugin provider DefaultRuntimePlugin [roughlyenoughitems] for REIServerPlugin
[05:11:06] [main/INFO] [REI] Registered plugin provider ReiCompat [travelersbackpack] for REIServerPlugin
[05:11:06] [main/INFO] [REI] Registered plugin provider FabricFluidAPISupportPlugin for REIServerPlugin
[05:11:06] [main/INFO] [REI] Registered plugin provider FabricFluidAPISupportPlugin for REIPlugin
[05:11:09] [Worker-Main-2/DEBUG] [REI] Processed 3 tags in 425.0 μs for minecraft:instrument
[05:11:09] [Worker-Main-1/DEBUG] [REI] Processed 0 tags in 24.30 μs for minecraft:worldgen/flat_level_generator_preset
[05:11:09] [Worker-Main-3/DEBUG] [REI] Processed 0 tags in 5.270 μs for minecraft:worldgen/world_preset
[05:11:09] [Worker-Main-2/DEBUG] [REI] Processed 5 tags in 103.5 μs for minecraft:game_event
[05:11:09] [Worker-Main-1/DEBUG] [REI] Processed 0 tags in 4.268 μs for minecraft:painting_variant
[05:11:09] [Worker-Main-1/DEBUG] [REI] Processed 2 tags in 14.75 μs for minecraft:cat_variant
[05:11:09] [Worker-Main-1/DEBUG] [REI] Processed 39 tags in 185.0 μs for minecraft:entity_type
[05:11:09] [Worker-Main-1/DEBUG] [REI] Processed 7 tags in 35.92 μs for minecraft:fluid
[05:11:09] [Worker-Main-3/DEBUG] [REI] Processed 403 tags in 6.826 ms for minecraft:item
[05:11:09] [Worker-Main-2/DEBUG] [REI] Processed 334 tags in 3.521 ms for minecraft:block
[05:11:09] [Worker-Main-3/DEBUG] [REI] Processed 0 tags in 8.366 μs for minecraft:banner_pattern
[05:11:09] [Worker-Main-2/DEBUG] [REI] Processed 3 tags in 23.08 μs for minecraft:point_of_interest_type
[05:11:09] [Worker-Main-2/DEBUG] [REI] Processed 0 tags in 5.952 μs for minecraft:dimension_type
[05:11:09] [Worker-Main-3/DEBUG] [REI] Processed 0 tags in 13.56 μs for minecraft:damage_type
[05:11:09] [Worker-Main-2/DEBUG] [REI] Processed 0 tags in 18.58 μs for minecraft:worldgen/structure
[05:11:09] [Worker-Main-3/DEBUG] [REI] Processed 0 tags in 21.83 μs for minecraft:enchantment
[05:11:09] [Worker-Main-1/DEBUG] [REI] Processed 0 tags in 76.78 μs for minecraft:worldgen/biome
[05:11:09] [main/DEBUG] [REI] Starting Reload Plugins of stage null
java.lang.Throwable
	at me.shedaniel.rei.impl.common.plugins.ReloadManagerImpl.reloadPlugins(ReloadManagerImpl.java:110)
	at me.shedaniel.rei.RoughlyEnoughItemsCore.lambda$onInitialize$5(RoughlyEnoughItemsCore.java:163)
	at java.base/java.util.concurrent.CompletableFuture$UniRun.tryFire(CompletableFuture.java:787)
	at java.base/java.util.concurrent.CompletableFuture$Completion.run(CompletableFuture.java:482)
	at net.minecraft.class_4014.method_18365(class_4014.java:69)
	at net.minecraft.class_156.method_43498(class_156.java:1024)
	at net.minecraft.class_156.method_43499(class_156.java:1012)
	at net.minecraft.server.Main.main(Main.java:182)
	at net.fabricmc.loader.impl.game.minecraft.MinecraftGameProvider.launch(MinecraftGameProvider.java:480)
	at net.fabricmc.loader.impl.launch.knot.Knot.launch(Knot.java:74)
	at net.fabricmc.loader.impl.launch.knot.KnotServer.main(KnotServer.java:23)
	at net.fabricmc.loader.impl.launch.server.FabricServerLauncher.main(FabricServerLauncher.java:69)
	at net.fabricmc.installer.ServerLauncher.main(ServerLauncher.java:69)
[05:11:09] [main/DEBUG] [REI] ========================================
[05:11:09] [main/DEBUG] [REI] REIPlugin starting pre-reload for START.
[05:11:09] [main/DEBUG] [REI] Reloadables (7):
[05:11:09] [main/DEBUG] [REI]  - EntryTypeRegistryImpl
[05:11:09] [main/DEBUG] [REI]  - EntrySettingsAdapterRegistryImpl
[05:11:09] [main/DEBUG] [REI]  - RecipeManagerContextImpl
[05:11:09] [main/DEBUG] [REI]  - ItemComparatorRegistryImpl
[05:11:09] [main/DEBUG] [REI]  - FluidComparatorRegistryImpl
[05:11:09] [main/DEBUG] [REI]  - DisplaySerializerRegistryImpl
[05:11:09] [main/DEBUG] [REI]  - FluidSupportProviderImpl
[05:11:09] [main/DEBUG] [REI] Plugins (4):
[05:11:09] [main/DEBUG] [REI]  - (-100.00) DefaultPlugin of DefaultPlugin [roughlyenoughitems]
[05:11:09] [main/DEBUG] [REI]  - (0.00) FabricFluidAPISupportPlugin
[05:11:09] [main/DEBUG] [REI]  - (0.00) ReiCompat of ReiCompat [travelersbackpack]
[05:11:09] [main/DEBUG] [REI]  - (0.00) DefaultRuntimePlugin of DefaultRuntimePlugin [roughlyenoughitems]
[05:11:09] [main/DEBUG] [REI] ========================================
[05:11:09] [main/TRACE] [REI] [REIPlugin START] Reloading Section: "pre-register/"
[05:11:09] [main/TRACE] [REI] [REIPlugin START] Reloading Section: "pre-register/DefaultPlugin of DefaultPlugin [roughlyenoughitems]/"
[05:11:09] [main/TRACE] [REI] [REIPlugin START] Reloading Section: "pre-register/DefaultPlugin of DefaultPlugin [roughlyenoughitems]/" done in 1.197 ms
[05:11:09] [main/TRACE] [REI] [REIPlugin START] Reloading Section: "pre-register/FabricFluidAPISupportPlugin/"
[05:11:09] [main/TRACE] [REI] [REIPlugin START] Reloading Section: "pre-register/FabricFluidAPISupportPlugin/" done in 94.96 μs
[05:11:09] [main/TRACE] [REI] [REIPlugin START] Reloading Section: "pre-register/ReiCompat of ReiCompat [travelersbackpack]/"
[05:11:09] [main/TRACE] [REI] [REIPlugin START] Reloading Section: "pre-register/ReiCompat of ReiCompat [travelersbackpack]/" done in 75.51 μs
[05:11:09] [main/TRACE] [REI] [REIPlugin START] Reloading Section: "pre-register/DefaultRuntimePlugin of DefaultRuntimePlugin [roughlyenoughitems]/"
[05:11:09] [main/TRACE] [REI] [REIPlugin START] Reloading Section: "pre-register/DefaultRuntimePlugin of DefaultRuntimePlugin [roughlyenoughitems]/" done in 74.87 μs
[05:11:09] [main/TRACE] [REI] [REIPlugin START] Reloading Section: "pre-register/" done in 13.65 ms
[05:11:09] [main/TRACE] [REI] [REIPlugin START] Reloading Section: "pre-stage/"
[05:11:09] [main/TRACE] [REI] [REIPlugin START] Reloading Section: "pre-stage/EntryTypeRegistryImpl/"
[05:11:09] [main/TRACE] [REI] [REIPlugin START] Reloading Section: "pre-stage/EntryTypeRegistryImpl/" done in 244.7 μs
[05:11:09] [main/TRACE] [REI] [REIPlugin START] Reloading Section: "pre-stage/EntrySettingsAdapterRegistryImpl/"
[05:11:09] [main/TRACE] [REI] [REIPlugin START] Reloading Section: "pre-stage/EntrySettingsAdapterRegistryImpl/" done in 81.35 μs
[05:11:09] [main/TRACE] [REI] [REIPlugin START] Reloading Section: "pre-stage/RecipeManagerContextImpl/"
[05:11:09] [main/TRACE] [REI] [REIPlugin START] Reloading Section: "pre-stage/RecipeManagerContextImpl/" done in 73.15 μs
[05:11:09] [main/TRACE] [REI] [REIPlugin START] Reloading Section: "pre-stage/ItemComparatorRegistryImpl/"
[05:11:09] [main/TRACE] [REI] [REIPlugin START] Reloading Section: "pre-stage/ItemComparatorRegistryImpl/" done in 74.33 μs
[05:11:09] [main/TRACE] [REI] [REIPlugin START] Reloading Section: "pre-stage/FluidComparatorRegistryImpl/"
[05:11:09] [main/TRACE] [REI] [REIPlugin START] Reloading Section: "pre-stage/FluidComparatorRegistryImpl/" done in 67.86 μs
[05:11:09] [main/TRACE] [REI] [REIPlugin START] Reloading Section: "pre-stage/DisplaySerializerRegistryImpl/"
[05:11:09] [main/TRACE] [REI] [REIPlugin START] Reloading Section: "pre-stage/DisplaySerializerRegistryImpl/" done in 86.94 μs
[05:11:09] [main/TRACE] [REI] [REIPlugin START] Reloading Section: "pre-stage/FluidSupportProviderImpl/"
[05:11:09] [main/TRACE] [REI] [REIPlugin START] Reloading Section: "pre-stage/FluidSupportProviderImpl/" done in 67.16 μs
[05:11:09] [main/TRACE] [REI] [REIPlugin START] Reloading Section: "pre-stage/" done in 1.720 ms
[05:11:09] [main/DEBUG] [REI] ========================================
[05:11:09] [main/DEBUG] [REI] REIPlugin finished pre-reload for START in 15.94 ms.
[05:11:09] [main/DEBUG] [REI] ========================================
[05:11:09] [main/DEBUG] [REI] ========================================
[05:11:09] [main/DEBUG] [REI] REIServerPlugin starting pre-reload for START.
[05:11:09] [main/DEBUG] [REI] Reloadables (2):
[05:11:09] [main/DEBUG] [REI]  - MenuInfoRegistryImpl
[05:11:09] [main/DEBUG] [REI]  - SlotAccessorRegistryImpl
[05:11:09] [main/DEBUG] [REI] Plugins (4):
[05:11:09] [main/DEBUG] [REI]  - (-100.00) DefaultPlugin of DefaultPlugin [roughlyenoughitems]
[05:11:09] [main/DEBUG] [REI]  - (0.00) FabricFluidAPISupportPlugin
[05:11:09] [main/DEBUG] [REI]  - (0.00) ReiCompat of ReiCompat [travelersbackpack]
[05:11:09] [main/DEBUG] [REI]  - (0.00) DefaultRuntimePlugin of DefaultRuntimePlugin [roughlyenoughitems]
[05:11:09] [main/DEBUG] [REI] ========================================
[05:11:09] [main/TRACE] [REI] [REIServerPlugin START] Reloading Section: "pre-register/"
[05:11:09] [main/TRACE] [REI] [REIServerPlugin START] Reloading Section: "pre-register/DefaultPlugin of DefaultPlugin [roughlyenoughitems]/"
[05:11:09] [main/TRACE] [REI] [REIServerPlugin START] Reloading Section: "pre-register/DefaultPlugin of DefaultPlugin [roughlyenoughitems]/" done in 89.98 μs
[05:11:09] [main/TRACE] [REI] [REIServerPlugin START] Reloading Section: "pre-register/FabricFluidAPISupportPlugin/"
[05:11:09] [main/TRACE] [REI] [REIServerPlugin START] Reloading Section: "pre-register/FabricFluidAPISupportPlugin/" done in 76.51 μs
[05:11:09] [main/TRACE] [REI] [REIServerPlugin START] Reloading Section: "pre-register/ReiCompat of ReiCompat [travelersbackpack]/"
[05:11:09] [main/TRACE] [REI] [REIServerPlugin START] Reloading Section: "pre-register/ReiCompat of ReiCompat [travelersbackpack]/" done in 64.72 μs
[05:11:09] [main/TRACE] [REI] [REIServerPlugin START] Reloading Section: "pre-register/DefaultRuntimePlugin of DefaultRuntimePlugin [roughlyenoughitems]/"
[05:11:09] [main/TRACE] [REI] [REIServerPlugin START] Reloading Section: "pre-register/DefaultRuntimePlugin of DefaultRuntimePlugin [roughlyenoughitems]/" done in 66.69 μs
[05:11:09] [main/TRACE] [REI] [REIServerPlugin START] Reloading Section: "pre-register/" done in 844.6 μs
[05:11:09] [main/TRACE] [REI] [REIServerPlugin START] Reloading Section: "pre-stage/"
[05:11:09] [main/TRACE] [REI] [REIServerPlugin START] Reloading Section: "pre-stage/MenuInfoRegistryImpl/"
[05:11:09] [main/TRACE] [REI] [REIServerPlugin START] Reloading Section: "pre-stage/MenuInfoRegistryImpl/" done in 79.35 μs
[05:11:09] [main/TRACE] [REI] [REIServerPlugin START] Reloading Section: "pre-stage/SlotAccessorRegistryImpl/"
[05:11:09] [main/TRACE] [REI] [REIServerPlugin START] Reloading Section: "pre-stage/SlotAccessorRegistryImpl/" done in 77.00 μs
[05:11:09] [main/TRACE] [REI] [REIServerPlugin START] Reloading Section: "pre-stage/" done in 493.7 μs
[05:11:09] [main/DEBUG] [REI] ========================================
[05:11:09] [main/DEBUG] [REI] REIServerPlugin finished pre-reload for START in 1.552 ms.
[05:11:09] [main/DEBUG] [REI] ========================================
[05:11:09] [main/INFO] [REI] ########################################
[05:11:09] [main/INFO] [REI] REIPlugin starting main-reload for START.
[05:11:09] [main/DEBUG] [REI] Reloadables (7):
[05:11:09] [main/DEBUG] [REI]  - EntryTypeRegistryImpl
[05:11:09] [main/DEBUG] [REI]  - EntrySettingsAdapterRegistryImpl
[05:11:09] [main/DEBUG] [REI]  - RecipeManagerContextImpl
[05:11:09] [main/DEBUG] [REI]  - ItemComparatorRegistryImpl
[05:11:09] [main/DEBUG] [REI]  - FluidComparatorRegistryImpl
[05:11:09] [main/DEBUG] [REI]  - DisplaySerializerRegistryImpl
[05:11:09] [main/DEBUG] [REI]  - FluidSupportProviderImpl
[05:11:09] [main/INFO] [REI] Plugins (4):
[05:11:09] [main/INFO] [REI]  - (-100.00) DefaultPlugin of DefaultPlugin [roughlyenoughitems]
[05:11:09] [main/INFO] [REI]  - (0.00) FabricFluidAPISupportPlugin
[05:11:09] [main/INFO] [REI]  - (0.00) ReiCompat of ReiCompat [travelersbackpack]
[05:11:09] [main/INFO] [REI]  - (0.00) DefaultRuntimePlugin of DefaultRuntimePlugin [roughlyenoughitems]
[05:11:09] [main/INFO] [REI] ########################################
[05:11:09] [main/TRACE] [REI] [REIPlugin START] Reloading Section: "start-reload/"
[05:11:09] [main/TRACE] [REI] [REIPlugin START] Reloading Section: "start-reload/EntryTypeRegistryImpl/"
[05:11:09] [main/TRACE] [REI] [REIPlugin START] Reloading Section: "start-reload/EntryTypeRegistryImpl/" done in 88.26 μs
[05:11:09] [main/TRACE] [REI] [REIPlugin START] Reloading Section: "start-reload/EntrySettingsAdapterRegistryImpl/"
[05:11:09] [main/TRACE] [REI] [REIPlugin START] Reloading Section: "start-reload/EntrySettingsAdapterRegistryImpl/" done in 69.22 μs
[05:11:09] [main/TRACE] [REI] [REIPlugin START] Reloading Section: "start-reload/RecipeManagerContextImpl/"
[05:11:09] [main/TRACE] [REI] [REIPlugin START] Reloading Section: "start-reload/RecipeManagerContextImpl/" done in 50.38 μs
[05:11:09] [main/TRACE] [REI] [REIPlugin START] Reloading Section: "start-reload/ItemComparatorRegistryImpl/"
[05:11:09] [main/TRACE] [REI] [REIPlugin START] Reloading Section: "start-reload/ItemComparatorRegistryImpl/" done in 73.73 μs
[05:11:09] [main/TRACE] [REI] [REIPlugin START] Reloading Section: "start-reload/FluidComparatorRegistryImpl/"
[05:11:09] [main/TRACE] [REI] [REIPlugin START] Reloading Section: "start-reload/FluidComparatorRegistryImpl/" done in 56.25 μs
[05:11:09] [main/TRACE] [REI] [REIPlugin START] Reloading Section: "start-reload/DisplaySerializerRegistryImpl/"
[05:11:09] [main/TRACE] [REI] [REIPlugin START] Reloading Section: "start-reload/DisplaySerializerRegistryImpl/" done in 54.99 μs
[05:11:09] [main/TRACE] [REI] [REIPlugin START] Reloading Section: "start-reload/FluidSupportProviderImpl/"
[05:11:09] [main/TRACE] [REI] [REIPlugin START] Reloading Section: "start-reload/FluidSupportProviderImpl/" done in 60.28 μs
[05:11:09] [main/TRACE] [REI] [REIPlugin START] Reloading Section: "start-reload/" done in 1.281 ms
[05:11:09] [main/DEBUG] [REI] ========================================
[05:11:09] [main/DEBUG] [REI] REIPlugin started main-reload for START.
[05:11:09] [main/DEBUG] [REI] ========================================
[05:11:09] [main/TRACE] [REI] [REIPlugin START] Reloading Section: "reloadable-plugin/EntryTypeRegistryImpl/"
[05:11:09] [main/TRACE] [REI] [REIPlugin START] Reloading Section: "reloadable-plugin/EntryTypeRegistryImpl/DefaultPlugin of DefaultPlugin [roughlyenoughitems]/"
[05:11:09] [main/TRACE] [REI] [REIPlugin START] Reloading Section: "reloadable-plugin/EntryTypeRegistryImpl/DefaultPlugin of DefaultPlugin [roughlyenoughitems]/" done in 278.9 μs
[05:11:09] [main/TRACE] [REI] [REIPlugin START] Reloading Section: "reloadable-plugin/EntryTypeRegistryImpl/FabricFluidAPISupportPlugin/"
[05:11:09] [main/TRACE] [REI] [REIPlugin START] Reloading Section: "reloadable-plugin/EntryTypeRegistryImpl/FabricFluidAPISupportPlugin/" done in 68.11 μs
[05:11:09] [main/TRACE] [REI] [REIPlugin START] Reloading Section: "reloadable-plugin/EntryTypeRegistryImpl/ReiCompat of ReiCompat [travelersbackpack]/"
[05:11:09] [main/TRACE] [REI] [REIPlugin START] Reloading Section: "reloadable-plugin/EntryTypeRegistryImpl/ReiCompat of ReiCompat [travelersbackpack]/" done in 81.04 μs
[05:11:09] [main/TRACE] [REI] [REIPlugin START] Reloading Section: "reloadable-plugin/EntryTypeRegistryImpl/DefaultRuntimePlugin of DefaultRuntimePlugin [roughlyenoughitems]/"
[05:11:09] [main/TRACE] [REI] [REIPlugin START] Reloading Section: "reloadable-plugin/EntryTypeRegistryImpl/DefaultRuntimePlugin of DefaultRuntimePlugin [roughlyenoughitems]/" done in 5.088 ms
[05:11:09] [main/TRACE] [REI] [REIPlugin START] Reloading Section: "reloadable-plugin/EntryTypeRegistryImpl/" done in 6.578 ms
[05:11:09] [main/TRACE] [REI] [REIPlugin START] Reloading Section: "reloadable-plugin/EntrySettingsAdapterRegistryImpl/"
[05:11:09] [main/TRACE] [REI] [REIPlugin START] Reloading Section: "reloadable-plugin/EntrySettingsAdapterRegistryImpl/DefaultPlugin of DefaultPlugin [roughlyenoughitems]/"
[05:11:09] [main/TRACE] [REI] [REIPlugin START] Reloading Section: "reloadable-plugin/EntrySettingsAdapterRegistryImpl/DefaultPlugin of DefaultPlugin [roughlyenoughitems]/" done in 75.60 μs
[05:11:09] [main/TRACE] [REI] [REIPlugin START] Reloading Section: "reloadable-plugin/EntrySettingsAdapterRegistryImpl/FabricFluidAPISupportPlugin/"
[05:11:09] [main/TRACE] [REI] [REIPlugin START] Reloading Section: "reloadable-plugin/EntrySettingsAdapterRegistryImpl/FabricFluidAPISupportPlugin/" done in 74.72 μs
[05:11:09] [main/TRACE] [REI] [REIPlugin START] Reloading Section: "reloadable-plugin/EntrySettingsAdapterRegistryImpl/ReiCompat of ReiCompat [travelersbackpack]/"
[05:11:09] [main/TRACE] [REI] [REIPlugin START] Reloading Section: "reloadable-plugin/EntrySettingsAdapterRegistryImpl/ReiCompat of ReiCompat [travelersbackpack]/" done in 79.79 μs
[05:11:09] [main/TRACE] [REI] [REIPlugin START] Reloading Section: "reloadable-plugin/EntrySettingsAdapterRegistryImpl/DefaultRuntimePlugin of DefaultRuntimePlugin [roughlyenoughitems]/"
[05:11:09] [main/TRACE] [REI] [REIPlugin START] Reloading Section: "reloadable-plugin/EntrySettingsAdapterRegistryImpl/DefaultRuntimePlugin of DefaultRuntimePlugin [roughlyenoughitems]/" done in 87.22 μs
[05:11:09] [main/TRACE] [REI] [REIPlugin START] Reloading Section: "reloadable-plugin/EntrySettingsAdapterRegistryImpl/" done in 874.5 μs
[05:11:09] [main/TRACE] [REI] [REIPlugin START] Reloading Section: "reloadable-plugin/RecipeManagerContextImpl/"
[05:11:09] [main/TRACE] [REI] [REIPlugin START] Reloading Section: "reloadable-plugin/RecipeManagerContextImpl/DefaultPlugin of DefaultPlugin [roughlyenoughitems]/"
[05:11:09] [main/TRACE] [REI] [REIPlugin START] Reloading Section: "reloadable-plugin/RecipeManagerContextImpl/DefaultPlugin of DefaultPlugin [roughlyenoughitems]/" done in 76.44 μs
[05:11:09] [main/TRACE] [REI] [REIPlugin START] Reloading Section: "reloadable-plugin/RecipeManagerContextImpl/FabricFluidAPISupportPlugin/"
[05:11:09] [main/TRACE] [REI] [REIPlugin START] Reloading Section: "reloadable-plugin/RecipeManagerContextImpl/FabricFluidAPISupportPlugin/" done in 78.16 μs
[05:11:09] [main/TRACE] [REI] [REIPlugin START] Reloading Section: "reloadable-plugin/RecipeManagerContextImpl/ReiCompat of ReiCompat [travelersbackpack]/"
[05:11:09] [main/TRACE] [REI] [REIPlugin START] Reloading Section: "reloadable-plugin/RecipeManagerContextImpl/ReiCompat of ReiCompat [travelersbackpack]/" done in 79.21 μs
[05:11:09] [main/TRACE] [REI] [REIPlugin START] Reloading Section: "reloadable-plugin/RecipeManagerContextImpl/DefaultRuntimePlugin of DefaultRuntimePlugin [roughlyenoughitems]/"
[05:11:09] [main/TRACE] [REI] [REIPlugin START] Reloading Section: "reloadable-plugin/RecipeManagerContextImpl/DefaultRuntimePlugin of DefaultRuntimePlugin [roughlyenoughitems]/" done in 70.79 μs
[05:11:09] [main/TRACE] [REI] [REIPlugin START] Reloading Section: "reloadable-plugin/RecipeManagerContextImpl/" done in 874.6 μs
[05:11:09] [main/TRACE] [REI] [REIPlugin START] Reloading Section: "reloadable-plugin/ItemComparatorRegistryImpl/"
[05:11:09] [main/TRACE] [REI] [REIPlugin START] Reloading Section: "reloadable-plugin/ItemComparatorRegistryImpl/DefaultPlugin of DefaultPlugin [roughlyenoughitems]/"
[05:11:09] [main/TRACE] [REI] [REIPlugin START] Reloading Section: "reloadable-plugin/ItemComparatorRegistryImpl/DefaultPlugin of DefaultPlugin [roughlyenoughitems]/" done in 780.9 μs
[05:11:09] [main/TRACE] [REI] [REIPlugin START] Reloading Section: "reloadable-plugin/ItemComparatorRegistryImpl/FabricFluidAPISupportPlugin/"
[05:11:09] [main/TRACE] [REI] [REIPlugin START] Reloading Section: "reloadable-plugin/ItemComparatorRegistryImpl/FabricFluidAPISupportPlugin/" done in 79.76 μs
[05:11:09] [main/TRACE] [REI] [REIPlugin START] Reloading Section: "reloadable-plugin/ItemComparatorRegistryImpl/ReiCompat of ReiCompat [travelersbackpack]/"
[05:11:09] [main/TRACE] [REI] [REIPlugin START] Reloading Section: "reloadable-plugin/ItemComparatorRegistryImpl/ReiCompat of ReiCompat [travelersbackpack]/" done in 67.20 μs
[05:11:09] [main/TRACE] [REI] [REIPlugin START] Reloading Section: "reloadable-plugin/ItemComparatorRegistryImpl/DefaultRuntimePlugin of DefaultRuntimePlugin [roughlyenoughitems]/"
[05:11:09] [main/TRACE] [REI] [REIPlugin START] Reloading Section: "reloadable-plugin/ItemComparatorRegistryImpl/DefaultRuntimePlugin of DefaultRuntimePlugin [roughlyenoughitems]/" done in 68.41 μs
[05:11:09] [main/TRACE] [REI] [REIPlugin START] Reloading Section: "reloadable-plugin/ItemComparatorRegistryImpl/" done in 1.573 ms
[05:11:09] [main/TRACE] [REI] [REIPlugin START] Reloading Section: "reloadable-plugin/FluidComparatorRegistryImpl/"
[05:11:09] [main/TRACE] [REI] [REIPlugin START] Reloading Section: "reloadable-plugin/FluidComparatorRegistryImpl/DefaultPlugin of DefaultPlugin [roughlyenoughitems]/"
[05:11:09] [main/TRACE] [REI] [REIPlugin START] Reloading Section: "reloadable-plugin/FluidComparatorRegistryImpl/DefaultPlugin of DefaultPlugin [roughlyenoughitems]/" done in 65.70 μs
[05:11:09] [main/TRACE] [REI] [REIPlugin START] Reloading Section: "reloadable-plugin/FluidComparatorRegistryImpl/FabricFluidAPISupportPlugin/"
[05:11:09] [main/TRACE] [REI] [REIPlugin START] Reloading Section: "reloadable-plugin/FluidComparatorRegistryImpl/FabricFluidAPISupportPlugin/" done in 69.33 μs
[05:11:09] [main/TRACE] [REI] [REIPlugin START] Reloading Section: "reloadable-plugin/FluidComparatorRegistryImpl/ReiCompat of ReiCompat [travelersbackpack]/"
[05:11:09] [main/TRACE] [REI] [REIPlugin START] Reloading Section: "reloadable-plugin/FluidComparatorRegistryImpl/ReiCompat of ReiCompat [travelersbackpack]/" done in 76.98 μs
[05:11:09] [main/TRACE] [REI] [REIPlugin START] Reloading Section: "reloadable-plugin/FluidComparatorRegistryImpl/DefaultRuntimePlugin of DefaultRuntimePlugin [roughlyenoughitems]/"
[05:11:09] [main/TRACE] [REI] [REIPlugin START] Reloading Section: "reloadable-plugin/FluidComparatorRegistryImpl/DefaultRuntimePlugin of DefaultRuntimePlugin [roughlyenoughitems]/" done in 68.50 μs
[05:11:09] [main/TRACE] [REI] [REIPlugin START] Reloading Section: "reloadable-plugin/FluidComparatorRegistryImpl/" done in 797.2 μs
[05:11:09] [main/TRACE] [REI] [REIPlugin START] Reloading Section: "reloadable-plugin/DisplaySerializerRegistryImpl/"
[05:11:09] [main/TRACE] [REI] [REIPlugin START] Reloading Section: "reloadable-plugin/DisplaySerializerRegistryImpl/DefaultPlugin of DefaultPlugin [roughlyenoughitems]/"
[05:11:09] [main/TRACE] [REI] [REIPlugin START] Reloading Section: "reloadable-plugin/DisplaySerializerRegistryImpl/DefaultPlugin of DefaultPlugin [roughlyenoughitems]/" done in 92.49 μs
[05:11:09] [main/TRACE] [REI] [REIPlugin START] Reloading Section: "reloadable-plugin/DisplaySerializerRegistryImpl/FabricFluidAPISupportPlugin/"
[05:11:09] [main/TRACE] [REI] [REIPlugin START] Reloading Section: "reloadable-plugin/DisplaySerializerRegistryImpl/FabricFluidAPISupportPlugin/" done in 69.21 μs
[05:11:09] [main/TRACE] [REI] [REIPlugin START] Reloading Section: "reloadable-plugin/DisplaySerializerRegistryImpl/ReiCompat of ReiCompat [travelersbackpack]/"
[05:11:09] [main/TRACE] [REI] [REIPlugin START] Reloading Section: "reloadable-plugin/DisplaySerializerRegistryImpl/ReiCompat of ReiCompat [travelersbackpack]/" done in 68.20 μs
[05:11:09] [main/TRACE] [REI] [REIPlugin START] Reloading Section: "reloadable-plugin/DisplaySerializerRegistryImpl/DefaultRuntimePlugin of DefaultRuntimePlugin [roughlyenoughitems]/"
[05:11:09] [main/TRACE] [REI] [REIPlugin START] Reloading Section: "reloadable-plugin/DisplaySerializerRegistryImpl/DefaultRuntimePlugin of DefaultRuntimePlugin [roughlyenoughitems]/" done in 71.22 μs
[05:11:09] [main/TRACE] [REI] [REIPlugin START] Reloading Section: "reloadable-plugin/DisplaySerializerRegistryImpl/" done in 827.5 μs
[05:11:09] [main/TRACE] [REI] [REIPlugin START] Reloading Section: "reloadable-plugin/FluidSupportProviderImpl/"
[05:11:09] [main/TRACE] [REI] [REIPlugin START] Reloading Section: "reloadable-plugin/FluidSupportProviderImpl/DefaultPlugin of DefaultPlugin [roughlyenoughitems]/"
[05:11:09] [main/TRACE] [REI] [REIPlugin START] Reloading Section: "reloadable-plugin/FluidSupportProviderImpl/DefaultPlugin of DefaultPlugin [roughlyenoughitems]/" done in 417.7 μs
[05:11:09] [main/TRACE] [REI] [REIPlugin START] Reloading Section: "reloadable-plugin/FluidSupportProviderImpl/FabricFluidAPISupportPlugin/"
[05:11:09] [main/TRACE] [REI] [REIPlugin START] Reloading Section: "reloadable-plugin/FluidSupportProviderImpl/FabricFluidAPISupportPlugin/" done in 227.0 μs
[05:11:09] [main/TRACE] [REI] [REIPlugin START] Reloading Section: "reloadable-plugin/FluidSupportProviderImpl/ReiCompat of ReiCompat [travelersbackpack]/"
[05:11:09] [main/TRACE] [REI] [REIPlugin START] Reloading Section: "reloadable-plugin/FluidSupportProviderImpl/ReiCompat of ReiCompat [travelersbackpack]/" done in 96.98 μs
[05:11:09] [main/TRACE] [REI] [REIPlugin START] Reloading Section: "reloadable-plugin/FluidSupportProviderImpl/DefaultRuntimePlugin of DefaultRuntimePlugin [roughlyenoughitems]/"
[05:11:09] [main/TRACE] [REI] [REIPlugin START] Reloading Section: "reloadable-plugin/FluidSupportProviderImpl/DefaultRuntimePlugin of DefaultRuntimePlugin [roughlyenoughitems]/" done in 88.83 μs
[05:11:09] [main/TRACE] [REI] [REIPlugin START] Reloading Section: "reloadable-plugin/FluidSupportProviderImpl/" done in 1.458 ms
[05:11:09] [main/DEBUG] [REI] ========================================
[05:11:09] [main/DEBUG] [REI] REIPlugin ending main-reload for START.
[05:11:09] [main/DEBUG] [REI] ========================================
[05:11:09] [main/TRACE] [REI] [REIPlugin START] Reloading Section: "end-reload/"
[05:11:09] [main/TRACE] [REI] [REIPlugin START] Reloading Section: "end-reload/EntryTypeRegistryImpl/"
[05:11:09] [main/TRACE] [REI] [REIPlugin START] Reloading Section: "end-reload/EntryTypeRegistryImpl/" done in 76.85 μs
[05:11:09] [main/TRACE] [REI] [REIPlugin START] Reloading Section: "end-reload/EntrySettingsAdapterRegistryImpl/"
[05:11:09] [main/TRACE] [REI] [REIPlugin START] Reloading Section: "end-reload/EntrySettingsAdapterRegistryImpl/" done in 66.89 μs
[05:11:09] [main/TRACE] [REI] [REIPlugin START] Reloading Section: "end-reload/RecipeManagerContextImpl/"
[05:11:09] [main/TRACE] [REI] [REIPlugin START] Reloading Section: "end-reload/RecipeManagerContextImpl/" done in 55.70 μs
[05:11:09] [main/TRACE] [REI] [REIPlugin START] Reloading Section: "end-reload/ItemComparatorRegistryImpl/"
[05:11:09] [main/TRACE] [REI] [REIPlugin START] Reloading Section: "end-reload/ItemComparatorRegistryImpl/" done in 56.17 μs
[05:11:09] [main/TRACE] [REI] [REIPlugin START] Reloading Section: "end-reload/FluidComparatorRegistryImpl/"
[05:11:09] [main/TRACE] [REI] [REIPlugin START] Reloading Section: "end-reload/FluidComparatorRegistryImpl/" done in 52.91 μs
[05:11:09] [main/TRACE] [REI] [REIPlugin START] Reloading Section: "end-reload/DisplaySerializerRegistryImpl/"
[05:11:09] [main/TRACE] [REI] [REIPlugin START] Reloading Section: "end-reload/DisplaySerializerRegistryImpl/" done in 56.72 μs
[05:11:09] [main/TRACE] [REI] [REIPlugin START] Reloading Section: "end-reload/FluidSupportProviderImpl/"
[05:11:09] [main/TRACE] [REI] [REIPlugin START] Reloading Section: "end-reload/FluidSupportProviderImpl/" done in 52.29 μs
[05:11:09] [main/TRACE] [REI] [REIPlugin START] Reloading Section: "end-reload/" done in 1.231 ms
[05:11:09] [main/DEBUG] [REI] ========================================
[05:11:09] [main/DEBUG] [REI] REIPlugin ended main-reload for START in 19.72 ms.
[05:11:09] [main/DEBUG] [REI] ========================================
[05:11:09] [main/INFO] [REI] ****************************************
[05:11:09] [main/INFO] [REI] REIServerPlugin starting main-reload for START.
[05:11:09] [main/DEBUG] [REI] Reloadables (2):
[05:11:09] [main/DEBUG] [REI]  - MenuInfoRegistryImpl
[05:11:09] [main/DEBUG] [REI]  - SlotAccessorRegistryImpl
[05:11:09] [main/INFO] [REI] Plugins (4):
[05:11:09] [main/INFO] [REI]  - (-100.00) DefaultPlugin of DefaultPlugin [roughlyenoughitems]
[05:11:09] [main/INFO] [REI]  - (0.00) FabricFluidAPISupportPlugin
[05:11:09] [main/INFO] [REI]  - (0.00) ReiCompat of ReiCompat [travelersbackpack]
[05:11:09] [main/INFO] [REI]  - (0.00) DefaultRuntimePlugin of DefaultRuntimePlugin [roughlyenoughitems]
[05:11:09] [main/INFO] [REI] ****************************************
[05:11:09] [main/TRACE] [REI] [REIServerPlugin START] Reloading Section: "start-reload/"
[05:11:09] [main/TRACE] [REI] [REIServerPlugin START] Reloading Section: "start-reload/MenuInfoRegistryImpl/"
[05:11:09] [main/TRACE] [REI] [REIServerPlugin START] Reloading Section: "start-reload/MenuInfoRegistryImpl/" done in 55.10 μs
[05:11:09] [main/TRACE] [REI] [REIServerPlugin START] Reloading Section: "start-reload/SlotAccessorRegistryImpl/"
[05:11:09] [main/TRACE] [REI] [REIServerPlugin START] Reloading Section: "start-reload/SlotAccessorRegistryImpl/" done in 56.92 μs
[05:11:09] [main/TRACE] [REI] [REIServerPlugin START] Reloading Section: "start-reload/" done in 375.9 μs
[05:11:09] [main/DEBUG] [REI] ========================================
[05:11:09] [main/DEBUG] [REI] REIServerPlugin started main-reload for START.
[05:11:09] [main/DEBUG] [REI] ========================================
[05:11:09] [main/TRACE] [REI] [REIServerPlugin START] Reloading Section: "reloadable-plugin/MenuInfoRegistryImpl/"
[05:11:09] [main/TRACE] [REI] [REIServerPlugin START] Reloading Section: "reloadable-plugin/MenuInfoRegistryImpl/DefaultPlugin of DefaultPlugin [roughlyenoughitems]/"
[05:11:09] [main/TRACE] [REI] [REIServerPlugin START] Reloading Section: "reloadable-plugin/MenuInfoRegistryImpl/DefaultPlugin of DefaultPlugin [roughlyenoughitems]/" done in 71.95 μs
[05:11:09] [main/TRACE] [REI] [REIServerPlugin START] Reloading Section: "reloadable-plugin/MenuInfoRegistryImpl/FabricFluidAPISupportPlugin/"
[05:11:09] [main/TRACE] [REI] [REIServerPlugin START] Reloading Section: "reloadable-plugin/MenuInfoRegistryImpl/FabricFluidAPISupportPlugin/" done in 59.08 μs
[05:11:09] [main/TRACE] [REI] [REIServerPlugin START] Reloading Section: "reloadable-plugin/MenuInfoRegistryImpl/ReiCompat of ReiCompat [travelersbackpack]/"
[05:11:09] [main/TRACE] [REI] [REIServerPlugin START] Reloading Section: "reloadable-plugin/MenuInfoRegistryImpl/ReiCompat of ReiCompat [travelersbackpack]/" done in 63.34 μs
[05:11:09] [main/TRACE] [REI] [REIServerPlugin START] Reloading Section: "reloadable-plugin/MenuInfoRegistryImpl/DefaultRuntimePlugin of DefaultRuntimePlugin [roughlyenoughitems]/"
[05:11:09] [main/TRACE] [REI] [REIServerPlugin START] Reloading Section: "reloadable-plugin/MenuInfoRegistryImpl/DefaultRuntimePlugin of DefaultRuntimePlugin [roughlyenoughitems]/" done in 69.27 μs
[05:11:09] [main/TRACE] [REI] [REIServerPlugin START] Reloading Section: "reloadable-plugin/MenuInfoRegistryImpl/" done in 786.6 μs
[05:11:09] [main/TRACE] [REI] [REIServerPlugin START] Reloading Section: "reloadable-plugin/SlotAccessorRegistryImpl/"
[05:11:09] [main/TRACE] [REI] [REIServerPlugin START] Reloading Section: "reloadable-plugin/SlotAccessorRegistryImpl/DefaultPlugin of DefaultPlugin [roughlyenoughitems]/"
[05:11:09] [main/TRACE] [REI] [REIServerPlugin START] Reloading Section: "reloadable-plugin/SlotAccessorRegistryImpl/DefaultPlugin of DefaultPlugin [roughlyenoughitems]/" done in 61.29 μs
[05:11:09] [main/TRACE] [REI] [REIServerPlugin START] Reloading Section: "reloadable-plugin/SlotAccessorRegistryImpl/FabricFluidAPISupportPlugin/"
[05:11:09] [main/TRACE] [REI] [REIServerPlugin START] Reloading Section: "reloadable-plugin/SlotAccessorRegistryImpl/FabricFluidAPISupportPlugin/" done in 55.22 μs
[05:11:09] [main/TRACE] [REI] [REIServerPlugin START] Reloading Section: "reloadable-plugin/SlotAccessorRegistryImpl/ReiCompat of ReiCompat [travelersbackpack]/"
[05:11:09] [main/TRACE] [REI] [REIServerPlugin START] Reloading Section: "reloadable-plugin/SlotAccessorRegistryImpl/ReiCompat of ReiCompat [travelersbackpack]/" done in 56.10 μs
[05:11:09] [main/TRACE] [REI] [REIServerPlugin START] Reloading Section: "reloadable-plugin/SlotAccessorRegistryImpl/DefaultRuntimePlugin of DefaultRuntimePlugin [roughlyenoughitems]/"
[05:11:09] [main/TRACE] [REI] [REIServerPlugin START] Reloading Section: "reloadable-plugin/SlotAccessorRegistryImpl/DefaultRuntimePlugin of DefaultRuntimePlugin [roughlyenoughitems]/" done in 55.21 μs
[05:11:09] [main/TRACE] [REI] [REIServerPlugin START] Reloading Section: "reloadable-plugin/SlotAccessorRegistryImpl/" done in 693.8 μs
[05:11:09] [main/DEBUG] [REI] ========================================
[05:11:09] [main/DEBUG] [REI] REIServerPlugin ending main-reload for START.
[05:11:09] [main/DEBUG] [REI] ========================================
[05:11:09] [main/TRACE] [REI] [REIServerPlugin START] Reloading Section: "end-reload/"
[05:11:09] [main/TRACE] [REI] [REIServerPlugin START] Reloading Section: "end-reload/MenuInfoRegistryImpl/"
[05:11:09] [main/TRACE] [REI] [REIServerPlugin START] Reloading Section: "end-reload/MenuInfoRegistryImpl/" done in 49.47 μs
[05:11:09] [main/TRACE] [REI] [REIServerPlugin START] Reloading Section: "end-reload/SlotAccessorRegistryImpl/"
[05:11:09] [main/TRACE] [REI] [REIServerPlugin START] Reloading Section: "end-reload/SlotAccessorRegistryImpl/" done in 56.42 μs
[05:11:09] [main/TRACE] [REI] [REIServerPlugin START] Reloading Section: "end-reload/" done in 332.6 μs
[05:11:09] [main/DEBUG] [REI] ========================================
[05:11:09] [main/DEBUG] [REI] REIServerPlugin ended main-reload for START in 4.835 ms.
[05:11:09] [main/DEBUG] [REI] ========================================
[05:11:09] [main/DEBUG] [REI] ========================================
[05:11:09] [main/DEBUG] [REI] REIPlugin starting post-reload for START.
[05:11:09] [main/DEBUG] [REI] Reloadables (7):
[05:11:09] [main/DEBUG] [REI]  - EntryTypeRegistryImpl
[05:11:09] [main/DEBUG] [REI]  - EntrySettingsAdapterRegistryImpl
[05:11:09] [main/DEBUG] [REI]  - RecipeManagerContextImpl
[05:11:09] [main/DEBUG] [REI]  - ItemComparatorRegistryImpl
[05:11:09] [main/DEBUG] [REI]  - FluidComparatorRegistryImpl
[05:11:09] [main/DEBUG] [REI]  - DisplaySerializerRegistryImpl
[05:11:09] [main/DEBUG] [REI]  - FluidSupportProviderImpl
[05:11:09] [main/DEBUG] [REI] Plugins (4):
[05:11:09] [main/DEBUG] [REI]  - (-100.00) DefaultPlugin of DefaultPlugin [roughlyenoughitems]
[05:11:09] [main/DEBUG] [REI]  - (0.00) FabricFluidAPISupportPlugin
[05:11:09] [main/DEBUG] [REI]  - (0.00) ReiCompat of ReiCompat [travelersbackpack]
[05:11:09] [main/DEBUG] [REI]  - (0.00) DefaultRuntimePlugin of DefaultRuntimePlugin [roughlyenoughitems]
[05:11:09] [main/DEBUG] [REI] ========================================
[05:11:09] [main/TRACE] [REI] [REIPlugin START] Reloading Section: "post-register/"
[05:11:09] [main/TRACE] [REI] [REIPlugin START] Reloading Section: "post-register/DefaultPlugin of DefaultPlugin [roughlyenoughitems]/"
[05:11:09] [main/TRACE] [REI] [REIPlugin START] Reloading Section: "post-register/DefaultPlugin of DefaultPlugin [roughlyenoughitems]/" done in 235.5 μs
[05:11:09] [main/TRACE] [REI] [REIPlugin START] Reloading Section: "post-register/FabricFluidAPISupportPlugin/"
[05:11:09] [main/TRACE] [REI] [REIPlugin START] Reloading Section: "post-register/FabricFluidAPISupportPlugin/" done in 57.54 μs
[05:11:09] [main/TRACE] [REI] [REIPlugin START] Reloading Section: "post-register/ReiCompat of ReiCompat [travelersbackpack]/"
[05:11:09] [main/TRACE] [REI] [REIPlugin START] Reloading Section: "post-register/ReiCompat of ReiCompat [travelersbackpack]/" done in 52.91 μs
[05:11:09] [main/TRACE] [REI] [REIPlugin START] Reloading Section: "post-register/DefaultRuntimePlugin of DefaultRuntimePlugin [roughlyenoughitems]/"
[05:11:09] [main/TRACE] [REI] [REIPlugin START] Reloading Section: "post-register/DefaultRuntimePlugin of DefaultRuntimePlugin [roughlyenoughitems]/" done in 52.53 μs
[05:11:09] [main/TRACE] [REI] [REIPlugin START] Reloading Section: "post-register/" done in 1.075 ms
[05:11:09] [main/TRACE] [REI] [REIPlugin START] Reloading Section: "post-stage/"
[05:11:09] [main/TRACE] [REI] [REIPlugin START] Reloading Section: "post-stage/EntryTypeRegistryImpl/"
[05:11:09] [main/TRACE] [REI] [REIPlugin START] Reloading Section: "post-stage/EntryTypeRegistryImpl/" done in 71.95 μs
[05:11:09] [main/TRACE] [REI] [REIPlugin START] Reloading Section: "post-stage/EntrySettingsAdapterRegistryImpl/"
[05:11:09] [main/TRACE] [REI] [REIPlugin START] Reloading Section: "post-stage/EntrySettingsAdapterRegistryImpl/" done in 49.11 μs
[05:11:09] [main/TRACE] [REI] [REIPlugin START] Reloading Section: "post-stage/RecipeManagerContextImpl/"
[05:11:09] [main/TRACE] [REI] [REIPlugin START] Reloading Section: "post-stage/RecipeManagerContextImpl/" done in 50.52 μs
[05:11:09] [main/TRACE] [REI] [REIPlugin START] Reloading Section: "post-stage/ItemComparatorRegistryImpl/"
[05:11:09] [main/TRACE] [REI] [REIPlugin START] Reloading Section: "post-stage/ItemComparatorRegistryImpl/" done in 47.07 μs
[05:11:09] [main/TRACE] [REI] [REIPlugin START] Reloading Section: "post-stage/FluidComparatorRegistryImpl/"
[05:11:09] [main/TRACE] [REI] [REIPlugin START] Reloading Section: "post-stage/FluidComparatorRegistryImpl/" done in 56.50 μs
[05:11:09] [main/TRACE] [REI] [REIPlugin START] Reloading Section: "post-stage/DisplaySerializerRegistryImpl/"
[05:11:09] [main/TRACE] [REI] [REIPlugin START] Reloading Section: "post-stage/DisplaySerializerRegistryImpl/" done in 54.72 μs
[05:11:09] [main/TRACE] [REI] [REIPlugin START] Reloading Section: "post-stage/FluidSupportProviderImpl/"
[05:11:09] [main/TRACE] [REI] [REIPlugin START] Reloading Section: "post-stage/FluidSupportProviderImpl/" done in 57.37 μs
[05:11:09] [main/TRACE] [REI] [REIPlugin START] Reloading Section: "post-stage/" done in 1.085 ms
[05:11:09] [main/DEBUG] [REI] ========================================
[05:11:09] [main/INFO] [REI] REIPlugin finished post-reload for START in 2.325 ms, totaling 37.94 ms.
[05:11:09] [main/DEBUG] [REI] ========================================
[05:11:09] [main/DEBUG] [REI] ========================================
[05:11:09] [main/DEBUG] [REI] REIServerPlugin starting post-reload for START.
[05:11:09] [main/DEBUG] [REI] Reloadables (2):
[05:11:09] [main/DEBUG] [REI]  - MenuInfoRegistryImpl
[05:11:09] [main/DEBUG] [REI]  - SlotAccessorRegistryImpl
[05:11:09] [main/DEBUG] [REI] Plugins (4):
[05:11:09] [main/DEBUG] [REI]  - (-100.00) DefaultPlugin of DefaultPlugin [roughlyenoughitems]
[05:11:09] [main/DEBUG] [REI]  - (0.00) FabricFluidAPISupportPlugin
[05:11:09] [main/DEBUG] [REI]  - (0.00) ReiCompat of ReiCompat [travelersbackpack]
[05:11:09] [main/DEBUG] [REI]  - (0.00) DefaultRuntimePlugin of DefaultRuntimePlugin [roughlyenoughitems]
[05:11:09] [main/DEBUG] [REI] ========================================
[05:11:09] [main/TRACE] [REI] [REIServerPlugin START] Reloading Section: "post-register/"
[05:11:09] [main/TRACE] [REI] [REIServerPlugin START] Reloading Section: "post-register/DefaultPlugin of DefaultPlugin [roughlyenoughitems]/"
[05:11:09] [main/TRACE] [REI] [REIServerPlugin START] Reloading Section: "post-register/DefaultPlugin of DefaultPlugin [roughlyenoughitems]/" done in 48.17 μs
[05:11:09] [main/TRACE] [REI] [REIServerPlugin START] Reloading Section: "post-register/FabricFluidAPISupportPlugin/"
[05:11:09] [main/TRACE] [REI] [REIServerPlugin START] Reloading Section: "post-register/FabricFluidAPISupportPlugin/" done in 53.41 μs
[05:11:09] [main/TRACE] [REI] [REIServerPlugin START] Reloading Section: "post-register/ReiCompat of ReiCompat [travelersbackpack]/"
[05:11:09] [main/TRACE] [REI] [REIServerPlugin START] Reloading Section: "post-register/ReiCompat of ReiCompat [travelersbackpack]/" done in 52.11 μs
[05:11:09] [main/TRACE] [REI] [REIServerPlugin START] Reloading Section: "post-register/DefaultRuntimePlugin of DefaultRuntimePlugin [roughlyenoughitems]/"
[05:11:09] [main/TRACE] [REI] [REIServerPlugin START] Reloading Section: "post-register/DefaultRuntimePlugin of DefaultRuntimePlugin [roughlyenoughitems]/" done in 53.46 μs
[05:11:09] [main/TRACE] [REI] [REIServerPlugin START] Reloading Section: "post-register/" done in 621.1 μs
[05:11:09] [main/TRACE] [REI] [REIServerPlugin START] Reloading Section: "post-stage/"
[05:11:09] [main/TRACE] [REI] [REIServerPlugin START] Reloading Section: "post-stage/MenuInfoRegistryImpl/"
[05:11:09] [main/TRACE] [REI] [REIServerPlugin START] Reloading Section: "post-stage/MenuInfoRegistryImpl/" done in 46.45 μs
[05:11:09] [main/TRACE] [REI] [REIServerPlugin START] Reloading Section: "post-stage/SlotAccessorRegistryImpl/"
[05:11:09] [main/TRACE] [REI] [REIServerPlugin START] Reloading Section: "post-stage/SlotAccessorRegistryImpl/" done in 46.70 μs
[05:11:09] [main/TRACE] [REI] [REIServerPlugin START] Reloading Section: "post-stage/" done in 395.4 μs
[05:11:09] [main/DEBUG] [REI] ========================================
[05:11:09] [main/INFO] [REI] REIServerPlugin finished post-reload for START in 1.156 ms, totaling 7.503 ms.
[05:11:09] [main/DEBUG] [REI] ========================================
[05:11:09] [main/DEBUG] [REI] ========================================
[05:11:09] [main/DEBUG] [REI] REIPlugin starting pre-reload for END.
[05:11:09] [main/DEBUG] [REI] Reloadables (7):
[05:11:09] [main/DEBUG] [REI]  - EntryTypeRegistryImpl
[05:11:09] [main/DEBUG] [REI]  - EntrySettingsAdapterRegistryImpl
[05:11:09] [main/DEBUG] [REI]  - RecipeManagerContextImpl
[05:11:09] [main/DEBUG] [REI]  - ItemComparatorRegistryImpl
[05:11:09] [main/DEBUG] [REI]  - FluidComparatorRegistryImpl
[05:11:09] [main/DEBUG] [REI]  - DisplaySerializerRegistryImpl
[05:11:09] [main/DEBUG] [REI]  - FluidSupportProviderImpl
[05:11:09] [main/DEBUG] [REI] Plugins (4):
[05:11:09] [main/DEBUG] [REI]  - (-100.00) DefaultPlugin of DefaultPlugin [roughlyenoughitems]
[05:11:09] [main/DEBUG] [REI]  - (0.00) FabricFluidAPISupportPlugin
[05:11:09] [main/DEBUG] [REI]  - (0.00) ReiCompat of ReiCompat [travelersbackpack]
[05:11:09] [main/DEBUG] [REI]  - (0.00) DefaultRuntimePlugin of DefaultRuntimePlugin [roughlyenoughitems]
[05:11:09] [main/DEBUG] [REI] ========================================
[05:11:09] [main/TRACE] [REI] [REIPlugin END] Reloading Section: "pre-register/"
[05:11:09] [main/TRACE] [REI] [REIPlugin END] Reloading Section: "pre-register/DefaultPlugin of DefaultPlugin [roughlyenoughitems]/"
[05:11:09] [main/TRACE] [REI] [REIPlugin END] Reloading Section: "pre-register/DefaultPlugin of DefaultPlugin [roughlyenoughitems]/" done in 48.64 μs
[05:11:09] [main/TRACE] [REI] [REIPlugin END] Reloading Section: "pre-register/FabricFluidAPISupportPlugin/"
[05:11:09] [main/TRACE] [REI] [REIPlugin END] Reloading Section: "pre-register/FabricFluidAPISupportPlugin/" done in 51.47 μs
[05:11:09] [main/TRACE] [REI] [REIPlugin END] Reloading Section: "pre-register/ReiCompat of ReiCompat [travelersbackpack]/"
[05:11:09] [main/TRACE] [REI] [REIPlugin END] Reloading Section: "pre-register/ReiCompat of ReiCompat [travelersbackpack]/" done in 57.12 μs
[05:11:09] [main/TRACE] [REI] [REIPlugin END] Reloading Section: "pre-register/DefaultRuntimePlugin of DefaultRuntimePlugin [roughlyenoughitems]/"
[05:11:09] [main/TRACE] [REI] [REIPlugin END] Reloading Section: "pre-register/DefaultRuntimePlugin of DefaultRuntimePlugin [roughlyenoughitems]/" done in 51.13 μs
[05:11:09] [main/TRACE] [REI] [REIPlugin END] Reloading Section: "pre-register/" done in 671.9 μs
[05:11:09] [main/TRACE] [REI] [REIPlugin END] Reloading Section: "pre-stage/"
[05:11:09] [main/TRACE] [REI] [REIPlugin END] Reloading Section: "pre-stage/EntryTypeRegistryImpl/"
[05:11:09] [main/TRACE] [REI] [REIPlugin END] Reloading Section: "pre-stage/EntryTypeRegistryImpl/" done in 81.24 μs
[05:11:09] [main/TRACE] [REI] [REIPlugin END] Reloading Section: "pre-stage/EntrySettingsAdapterRegistryImpl/"
[05:11:09] [main/TRACE] [REI] [REIPlugin END] Reloading Section: "pre-stage/EntrySettingsAdapterRegistryImpl/" done in 52.17 μs
[05:11:09] [main/TRACE] [REI] [REIPlugin END] Reloading Section: "pre-stage/RecipeManagerContextImpl/"
[05:11:09] [main/TRACE] [REI] [REIPlugin END] Reloading Section: "pre-stage/RecipeManagerContextImpl/" done in 52.59 μs
[05:11:09] [main/TRACE] [REI] [REIPlugin END] Reloading Section: "pre-stage/ItemComparatorRegistryImpl/"
[05:11:09] [main/TRACE] [REI] [REIPlugin END] Reloading Section: "pre-stage/ItemComparatorRegistryImpl/" done in 46.67 μs
[05:11:09] [main/TRACE] [REI] [REIPlugin END] Reloading Section: "pre-stage/FluidComparatorRegistryImpl/"
[05:11:09] [main/TRACE] [REI] [REIPlugin END] Reloading Section: "pre-stage/FluidComparatorRegistryImpl/" done in 52.32 μs
[05:11:09] [main/TRACE] [REI] [REIPlugin END] Reloading Section: "pre-stage/DisplaySerializerRegistryImpl/"
[05:11:09] [main/TRACE] [REI] [REIPlugin END] Reloading Section: "pre-stage/DisplaySerializerRegistryImpl/" done in 77.84 μs
[05:11:09] [main/TRACE] [REI] [REIPlugin END] Reloading Section: "pre-stage/FluidSupportProviderImpl/"
[05:11:09] [main/TRACE] [REI] [REIPlugin END] Reloading Section: "pre-stage/FluidSupportProviderImpl/" done in 64.41 μs
[05:11:09] [main/TRACE] [REI] [REIPlugin END] Reloading Section: "pre-stage/" done in 1.109 ms
[05:11:09] [main/DEBUG] [REI] ========================================
[05:11:09] [main/DEBUG] [REI] REIPlugin finished pre-reload for END in 1.927 ms.
[05:11:09] [main/DEBUG] [REI] ========================================
[05:11:09] [main/DEBUG] [REI] ========================================
[05:11:09] [main/DEBUG] [REI] REIServerPlugin starting pre-reload for END.
[05:11:09] [main/DEBUG] [REI] Reloadables (2):
[05:11:09] [main/DEBUG] [REI]  - MenuInfoRegistryImpl
[05:11:09] [main/DEBUG] [REI]  - SlotAccessorRegistryImpl
[05:11:09] [main/DEBUG] [REI] Plugins (4):
[05:11:09] [main/DEBUG] [REI]  - (-100.00) DefaultPlugin of DefaultPlugin [roughlyenoughitems]
[05:11:09] [main/DEBUG] [REI]  - (0.00) FabricFluidAPISupportPlugin
[05:11:09] [main/DEBUG] [REI]  - (0.00) ReiCompat of ReiCompat [travelersbackpack]
[05:11:09] [main/DEBUG] [REI]  - (0.00) DefaultRuntimePlugin of DefaultRuntimePlugin [roughlyenoughitems]
[05:11:09] [main/DEBUG] [REI] ========================================
[05:11:09] [main/TRACE] [REI] [REIServerPlugin END] Reloading Section: "pre-register/"
[05:11:09] [main/TRACE] [REI] [REIServerPlugin END] Reloading Section: "pre-register/DefaultPlugin of DefaultPlugin [roughlyenoughitems]/"
[05:11:09] [main/TRACE] [REI] [REIServerPlugin END] Reloading Section: "pre-register/DefaultPlugin of DefaultPlugin [roughlyenoughitems]/" done in 44.92 μs
[05:11:09] [main/TRACE] [REI] [REIServerPlugin END] Reloading Section: "pre-register/FabricFluidAPISupportPlugin/"
[05:11:09] [main/TRACE] [REI] [REIServerPlugin END] Reloading Section: "pre-register/FabricFluidAPISupportPlugin/" done in 48.54 μs
[05:11:09] [main/TRACE] [REI] [REIServerPlugin END] Reloading Section: "pre-register/ReiCompat of ReiCompat [travelersbackpack]/"
[05:11:09] [main/TRACE] [REI] [REIServerPlugin END] Reloading Section: "pre-register/ReiCompat of ReiCompat [travelersbackpack]/" done in 48.63 μs
[05:11:09] [main/TRACE] [REI] [REIServerPlugin END] Reloading Section: "pre-register/DefaultRuntimePlugin of DefaultRuntimePlugin [roughlyenoughitems]/"
[05:11:09] [main/TRACE] [REI] [REIServerPlugin END] Reloading Section: "pre-register/DefaultRuntimePlugin of DefaultRuntimePlugin [roughlyenoughitems]/" done in 45.11 μs
[05:11:09] [main/TRACE] [REI] [REIServerPlugin END] Reloading Section: "pre-register/" done in 541.7 μs
[05:11:09] [main/TRACE] [REI] [REIServerPlugin END] Reloading Section: "pre-stage/"
[05:11:09] [main/TRACE] [REI] [REIServerPlugin END] Reloading Section: "pre-stage/MenuInfoRegistryImpl/"
[05:11:09] [main/TRACE] [REI] [REIServerPlugin END] Reloading Section: "pre-stage/MenuInfoRegistryImpl/" done in 48.25 μs
[05:11:09] [main/TRACE] [REI] [REIServerPlugin END] Reloading Section: "pre-stage/SlotAccessorRegistryImpl/"
[05:11:09] [main/TRACE] [REI] [REIServerPlugin END] Reloading Section: "pre-stage/SlotAccessorRegistryImpl/" done in 70.11 μs
[05:11:09] [main/TRACE] [REI] [REIServerPlugin END] Reloading Section: "pre-stage/" done in 325.0 μs
[05:11:09] [main/DEBUG] [REI] ========================================
[05:11:09] [main/DEBUG] [REI] REIServerPlugin finished pre-reload for END in 1.005 ms.
[05:11:09] [main/DEBUG] [REI] ========================================
[05:11:09] [main/INFO] [REI] ++++++++++++++++++++++++++++++++++++++++
[05:11:09] [main/INFO] [REI] REIPlugin starting main-reload for END.
[05:11:09] [main/DEBUG] [REI] Reloadables (7):
[05:11:09] [main/DEBUG] [REI]  - EntryTypeRegistryImpl
[05:11:09] [main/DEBUG] [REI]  - EntrySettingsAdapterRegistryImpl
[05:11:09] [main/DEBUG] [REI]  - RecipeManagerContextImpl
[05:11:09] [main/DEBUG] [REI]  - ItemComparatorRegistryImpl
[05:11:09] [main/DEBUG] [REI]  - FluidComparatorRegistryImpl
[05:11:09] [main/DEBUG] [REI]  - DisplaySerializerRegistryImpl
[05:11:09] [main/DEBUG] [REI]  - FluidSupportProviderImpl
[05:11:09] [main/INFO] [REI] Plugins (4):
[05:11:09] [main/INFO] [REI]  - (-100.00) DefaultPlugin of DefaultPlugin [roughlyenoughitems]
[05:11:09] [main/INFO] [REI]  - (0.00) FabricFluidAPISupportPlugin
[05:11:09] [main/INFO] [REI]  - (0.00) ReiCompat of ReiCompat [travelersbackpack]
[05:11:09] [main/INFO] [REI]  - (0.00) DefaultRuntimePlugin of DefaultRuntimePlugin [roughlyenoughitems]
[05:11:09] [main/INFO] [REI] ++++++++++++++++++++++++++++++++++++++++
[05:11:09] [main/TRACE] [REI] [REIPlugin END] Reloading Section: "start-reload/"
[05:11:09] [main/TRACE] [REI] [REIPlugin END] Reloading Section: "start-reload/EntryTypeRegistryImpl/"
[05:11:09] [main/TRACE] [REI] [REIPlugin END] Reloading Section: "start-reload/EntryTypeRegistryImpl/" done in 53.91 μs
[05:11:09] [main/TRACE] [REI] [REIPlugin END] Reloading Section: "start-reload/EntrySettingsAdapterRegistryImpl/"
[05:11:09] [main/TRACE] [REI] [REIPlugin END] Reloading Section: "start-reload/EntrySettingsAdapterRegistryImpl/" done in 84.55 μs
[05:11:09] [main/TRACE] [REI] [REIPlugin END] Reloading Section: "start-reload/RecipeManagerContextImpl/"
[05:11:09] [main/TRACE] [REI] [REIPlugin END] Reloading Section: "start-reload/RecipeManagerContextImpl/" done in 53.39 μs
[05:11:09] [main/TRACE] [REI] [REIPlugin END] Reloading Section: "start-reload/ItemComparatorRegistryImpl/"
[05:11:09] [main/TRACE] [REI] [REIPlugin END] Reloading Section: "start-reload/ItemComparatorRegistryImpl/" done in 72.93 μs
[05:11:09] [main/TRACE] [REI] [REIPlugin END] Reloading Section: "start-reload/FluidComparatorRegistryImpl/"
[05:11:09] [main/TRACE] [REI] [REIPlugin END] Reloading Section: "start-reload/FluidComparatorRegistryImpl/" done in 44.83 μs
[05:11:09] [main/TRACE] [REI] [REIPlugin END] Reloading Section: "start-reload/DisplaySerializerRegistryImpl/"
[05:11:09] [main/TRACE] [REI] [REIPlugin END] Reloading Section: "start-reload/DisplaySerializerRegistryImpl/" done in 49.72 μs
[05:11:09] [main/TRACE] [REI] [REIPlugin END] Reloading Section: "start-reload/FluidSupportProviderImpl/"
[05:11:09] [main/TRACE] [REI] [REIPlugin END] Reloading Section: "start-reload/FluidSupportProviderImpl/" done in 48.30 μs
[05:11:09] [main/TRACE] [REI] [REIPlugin END] Reloading Section: "start-reload/" done in 1.092 ms
[05:11:09] [main/DEBUG] [REI] ========================================
[05:11:09] [main/DEBUG] [REI] REIPlugin started main-reload for END.
[05:11:09] [main/DEBUG] [REI] ========================================
[05:11:09] [main/TRACE] [REI] [REIPlugin END] Reloading Section: "reloadable-plugin/EntryTypeRegistryImpl/"
[05:11:09] [main/TRACE] [REI] [REIPlugin END] Reloading Section: "reloadable-plugin/EntryTypeRegistryImpl/DefaultPlugin of DefaultPlugin [roughlyenoughitems]/"
[05:11:09] [main/TRACE] [REI] [REIPlugin END] Reloading Section: "reloadable-plugin/EntryTypeRegistryImpl/DefaultPlugin of DefaultPlugin [roughlyenoughitems]/" done in 56.86 μs
[05:11:09] [main/TRACE] [REI] [REIPlugin END] Reloading Section: "reloadable-plugin/EntryTypeRegistryImpl/FabricFluidAPISupportPlugin/"
[05:11:09] [main/TRACE] [REI] [REIPlugin END] Reloading Section: "reloadable-plugin/EntryTypeRegistryImpl/FabricFluidAPISupportPlugin/" done in 76.95 μs
[05:11:09] [main/TRACE] [REI] [REIPlugin END] Reloading Section: "reloadable-plugin/EntryTypeRegistryImpl/ReiCompat of ReiCompat [travelersbackpack]/"
[05:11:09] [main/TRACE] [REI] [REIPlugin END] Reloading Section: "reloadable-plugin/EntryTypeRegistryImpl/ReiCompat of ReiCompat [travelersbackpack]/" done in 66.23 μs
[05:11:09] [main/TRACE] [REI] [REIPlugin END] Reloading Section: "reloadable-plugin/EntryTypeRegistryImpl/DefaultRuntimePlugin of DefaultRuntimePlugin [roughlyenoughitems]/"
[05:11:09] [main/TRACE] [REI] [REIPlugin END] Reloading Section: "reloadable-plugin/EntryTypeRegistryImpl/DefaultRuntimePlugin of DefaultRuntimePlugin [roughlyenoughitems]/" done in 60.15 μs
[05:11:09] [main/TRACE] [REI] [REIPlugin END] Reloading Section: "reloadable-plugin/EntryTypeRegistryImpl/" done in 848.2 μs
[05:11:09] [main/TRACE] [REI] [REIPlugin END] Reloading Section: "reloadable-plugin/EntrySettingsAdapterRegistryImpl/"
[05:11:09] [main/TRACE] [REI] [REIPlugin END] Reloading Section: "reloadable-plugin/EntrySettingsAdapterRegistryImpl/DefaultPlugin of DefaultPlugin [roughlyenoughitems]/"
[05:11:09] [main/TRACE] [REI] [REIPlugin END] Reloading Section: "reloadable-plugin/EntrySettingsAdapterRegistryImpl/DefaultPlugin of DefaultPlugin [roughlyenoughitems]/" done in 66.60 μs
[05:11:09] [main/TRACE] [REI] [REIPlugin END] Reloading Section: "reloadable-plugin/EntrySettingsAdapterRegistryImpl/FabricFluidAPISupportPlugin/"
[05:11:09] [main/TRACE] [REI] [REIPlugin END] Reloading Section: "reloadable-plugin/EntrySettingsAdapterRegistryImpl/FabricFluidAPISupportPlugin/" done in 62.47 μs
[05:11:09] [main/TRACE] [REI] [REIPlugin END] Reloading Section: "reloadable-plugin/EntrySettingsAdapterRegistryImpl/ReiCompat of ReiCompat [travelersbackpack]/"
[05:11:09] [main/TRACE] [REI] [REIPlugin END] Reloading Section: "reloadable-plugin/EntrySettingsAdapterRegistryImpl/ReiCompat of ReiCompat [travelersbackpack]/" done in 82.00 μs
[05:11:09] [main/TRACE] [REI] [REIPlugin END] Reloading Section: "reloadable-plugin/EntrySettingsAdapterRegistryImpl/DefaultRuntimePlugin of DefaultRuntimePlugin [roughlyenoughitems]/"
[05:11:09] [main/TRACE] [REI] [REIPlugin END] Reloading Section: "reloadable-plugin/EntrySettingsAdapterRegistryImpl/DefaultRuntimePlugin of DefaultRuntimePlugin [roughlyenoughitems]/" done in 65.78 μs
[05:11:09] [main/TRACE] [REI] [REIPlugin END] Reloading Section: "reloadable-plugin/EntrySettingsAdapterRegistryImpl/" done in 766.4 μs
[05:11:09] [main/TRACE] [REI] [REIPlugin END] Reloading Section: "reloadable-plugin/RecipeManagerContextImpl/"
[05:11:09] [main/TRACE] [REI] [REIPlugin END] Reloading Section: "reloadable-plugin/RecipeManagerContextImpl/DefaultPlugin of DefaultPlugin [roughlyenoughitems]/"
[05:11:09] [main/TRACE] [REI] [REIPlugin END] Reloading Section: "reloadable-plugin/RecipeManagerContextImpl/DefaultPlugin of DefaultPlugin [roughlyenoughitems]/" done in 50.90 μs
[05:11:09] [main/TRACE] [REI] [REIPlugin END] Reloading Section: "reloadable-plugin/RecipeManagerContextImpl/FabricFluidAPISupportPlugin/"
[05:11:09] [main/TRACE] [REI] [REIPlugin END] Reloading Section: "reloadable-plugin/RecipeManagerContextImpl/FabricFluidAPISupportPlugin/" done in 47.48 μs
[05:11:09] [main/TRACE] [REI] [REIPlugin END] Reloading Section: "reloadable-plugin/RecipeManagerContextImpl/ReiCompat of ReiCompat [travelersbackpack]/"
[05:11:09] [main/TRACE] [REI] [REIPlugin END] Reloading Section: "reloadable-plugin/RecipeManagerContextImpl/ReiCompat of ReiCompat [travelersbackpack]/" done in 48.82 μs
[05:11:09] [main/TRACE] [REI] [REIPlugin END] Reloading Section: "reloadable-plugin/RecipeManagerContextImpl/DefaultRuntimePlugin of DefaultRuntimePlugin [roughlyenoughitems]/"
[05:11:09] [main/TRACE] [REI] [REIPlugin END] Reloading Section: "reloadable-plugin/RecipeManagerContextImpl/DefaultRuntimePlugin of DefaultRuntimePlugin [roughlyenoughitems]/" done in 56.24 μs
[05:11:09] [main/TRACE] [REI] [REIPlugin END] Reloading Section: "reloadable-plugin/RecipeManagerContextImpl/" done in 583.3 μs
[05:11:09] [main/TRACE] [REI] [REIPlugin END] Reloading Section: "reloadable-plugin/ItemComparatorRegistryImpl/"
[05:11:09] [main/TRACE] [REI] [REIPlugin END] Reloading Section: "reloadable-plugin/ItemComparatorRegistryImpl/DefaultPlugin of DefaultPlugin [roughlyenoughitems]/"
[05:11:09] [main/TRACE] [REI] [REIPlugin END] Reloading Section: "reloadable-plugin/ItemComparatorRegistryImpl/DefaultPlugin of DefaultPlugin [roughlyenoughitems]/" done in 49.23 μs
[05:11:09] [main/TRACE] [REI] [REIPlugin END] Reloading Section: "reloadable-plugin/ItemComparatorRegistryImpl/FabricFluidAPISupportPlugin/"
[05:11:09] [main/TRACE] [REI] [REIPlugin END] Reloading Section: "reloadable-plugin/ItemComparatorRegistryImpl/FabricFluidAPISupportPlugin/" done in 69.96 μs
[05:11:09] [main/TRACE] [REI] [REIPlugin END] Reloading Section: "reloadable-plugin/ItemComparatorRegistryImpl/ReiCompat of ReiCompat [travelersbackpack]/"
[05:11:09] [main/TRACE] [REI] [REIPlugin END] Reloading Section: "reloadable-plugin/ItemComparatorRegistryImpl/ReiCompat of ReiCompat [travelersbackpack]/" done in 49.50 μs
[05:11:09] [main/TRACE] [REI] [REIPlugin END] Reloading Section: "reloadable-plugin/ItemComparatorRegistryImpl/DefaultRuntimePlugin of DefaultRuntimePlugin [roughlyenoughitems]/"
[05:11:09] [main/TRACE] [REI] [REIPlugin END] Reloading Section: "reloadable-plugin/ItemComparatorRegistryImpl/DefaultRuntimePlugin of DefaultRuntimePlugin [roughlyenoughitems]/" done in 44.31 μs
[05:11:09] [main/TRACE] [REI] [REIPlugin END] Reloading Section: "reloadable-plugin/ItemComparatorRegistryImpl/" done in 606.1 μs
[05:11:09] [main/TRACE] [REI] [REIPlugin END] Reloading Section: "reloadable-plugin/FluidComparatorRegistryImpl/"
[05:11:09] [main/TRACE] [REI] [REIPlugin END] Reloading Section: "reloadable-plugin/FluidComparatorRegistryImpl/DefaultPlugin of DefaultPlugin [roughlyenoughitems]/"
[05:11:09] [main/TRACE] [REI] [REIPlugin END] Reloading Section: "reloadable-plugin/FluidComparatorRegistryImpl/DefaultPlugin of DefaultPlugin [roughlyenoughitems]/" done in 59.18 μs
[05:11:09] [main/TRACE] [REI] [REIPlugin END] Reloading Section: "reloadable-plugin/FluidComparatorRegistryImpl/FabricFluidAPISupportPlugin/"
[05:11:09] [main/TRACE] [REI] [REIPlugin END] Reloading Section: "reloadable-plugin/FluidComparatorRegistryImpl/FabricFluidAPISupportPlugin/" done in 49.29 μs
[05:11:09] [main/TRACE] [REI] [REIPlugin END] Reloading Section: "reloadable-plugin/FluidComparatorRegistryImpl/ReiCompat of ReiCompat [travelersbackpack]/"
[05:11:09] [main/TRACE] [REI] [REIPlugin END] Reloading Section: "reloadable-plugin/FluidComparatorRegistryImpl/ReiCompat of ReiCompat [travelersbackpack]/" done in 43.91 μs
[05:11:09] [main/TRACE] [REI] [REIPlugin END] Reloading Section: "reloadable-plugin/FluidComparatorRegistryImpl/DefaultRuntimePlugin of DefaultRuntimePlugin [roughlyenoughitems]/"
[05:11:09] [main/TRACE] [REI] [REIPlugin END] Reloading Section: "reloadable-plugin/FluidComparatorRegistryImpl/DefaultRuntimePlugin of DefaultRuntimePlugin [roughlyenoughitems]/" done in 62.70 μs
[05:11:09] [main/TRACE] [REI] [REIPlugin END] Reloading Section: "reloadable-plugin/FluidComparatorRegistryImpl/" done in 604.2 μs
[05:11:09] [main/TRACE] [REI] [REIPlugin END] Reloading Section: "reloadable-plugin/DisplaySerializerRegistryImpl/"
[05:11:09] [main/TRACE] [REI] [REIPlugin END] Reloading Section: "reloadable-plugin/DisplaySerializerRegistryImpl/DefaultPlugin of DefaultPlugin [roughlyenoughitems]/"
[05:11:09] [main/TRACE] [REI] [REIPlugin END] Reloading Section: "reloadable-plugin/DisplaySerializerRegistryImpl/DefaultPlugin of DefaultPlugin [roughlyenoughitems]/" done in 18.59 ms
[05:11:09] [main/TRACE] [REI] [REIPlugin END] Reloading Section: "reloadable-plugin/DisplaySerializerRegistryImpl/FabricFluidAPISupportPlugin/"
[05:11:09] [main/TRACE] [REI] [REIPlugin END] Reloading Section: "reloadable-plugin/DisplaySerializerRegistryImpl/FabricFluidAPISupportPlugin/" done in 80.30 μs
[05:11:09] [main/TRACE] [REI] [REIPlugin END] Reloading Section: "reloadable-plugin/DisplaySerializerRegistryImpl/ReiCompat of ReiCompat [travelersbackpack]/"
[05:11:09] [main/TRACE] [REI] [REIPlugin END] Reloading Section: "reloadable-plugin/DisplaySerializerRegistryImpl/ReiCompat of ReiCompat [travelersbackpack]/" done in 53.17 μs
[05:11:09] [main/TRACE] [REI] [REIPlugin END] Reloading Section: "reloadable-plugin/DisplaySerializerRegistryImpl/DefaultRuntimePlugin of DefaultRuntimePlugin [roughlyenoughitems]/"
[05:11:09] [main/TRACE] [REI] [REIPlugin END] Reloading Section: "reloadable-plugin/DisplaySerializerRegistryImpl/DefaultRuntimePlugin of DefaultRuntimePlugin [roughlyenoughitems]/" done in 46.45 μs
[05:11:09] [main/TRACE] [REI] [REIPlugin END] Reloading Section: "reloadable-plugin/DisplaySerializerRegistryImpl/" done in 19.28 ms
[05:11:09] [main/TRACE] [REI] [REIPlugin END] Reloading Section: "reloadable-plugin/FluidSupportProviderImpl/"
[05:11:09] [main/TRACE] [REI] [REIPlugin END] Reloading Section: "reloadable-plugin/FluidSupportProviderImpl/DefaultPlugin of DefaultPlugin [roughlyenoughitems]/"
[05:11:09] [main/TRACE] [REI] [REIPlugin END] Reloading Section: "reloadable-plugin/FluidSupportProviderImpl/DefaultPlugin of DefaultPlugin [roughlyenoughitems]/" done in 46.28 μs
[05:11:09] [main/TRACE] [REI] [REIPlugin END] Reloading Section: "reloadable-plugin/FluidSupportProviderImpl/FabricFluidAPISupportPlugin/"
[05:11:09] [main/TRACE] [REI] [REIPlugin END] Reloading Section: "reloadable-plugin/FluidSupportProviderImpl/FabricFluidAPISupportPlugin/" done in 45.89 μs
[05:11:09] [main/TRACE] [REI] [REIPlugin END] Reloading Section: "reloadable-plugin/FluidSupportProviderImpl/ReiCompat of ReiCompat [travelersbackpack]/"
[05:11:09] [main/TRACE] [REI] [REIPlugin END] Reloading Section: "reloadable-plugin/FluidSupportProviderImpl/ReiCompat of ReiCompat [travelersbackpack]/" done in 48.75 μs
[05:11:09] [main/TRACE] [REI] [REIPlugin END] Reloading Section: "reloadable-plugin/FluidSupportProviderImpl/DefaultRuntimePlugin of DefaultRuntimePlugin [roughlyenoughitems]/"
[05:11:09] [main/TRACE] [REI] [REIPlugin END] Reloading Section: "reloadable-plugin/FluidSupportProviderImpl/DefaultRuntimePlugin of DefaultRuntimePlugin [roughlyenoughitems]/" done in 74.12 μs
[05:11:09] [main/TRACE] [REI] [REIPlugin END] Reloading Section: "reloadable-plugin/FluidSupportProviderImpl/" done in 616.1 μs
[05:11:09] [main/DEBUG] [REI] ========================================
[05:11:09] [main/DEBUG] [REI] REIPlugin ending main-reload for END.
[05:11:09] [main/DEBUG] [REI] ========================================
[05:11:09] [main/TRACE] [REI] [REIPlugin END] Reloading Section: "end-reload/"
[05:11:09] [main/TRACE] [REI] [REIPlugin END] Reloading Section: "end-reload/EntryTypeRegistryImpl/"
[05:11:09] [main/TRACE] [REI] [REIPlugin END] Reloading Section: "end-reload/EntryTypeRegistryImpl/" done in 40.35 μs
[05:11:09] [main/TRACE] [REI] [REIPlugin END] Reloading Section: "end-reload/EntrySettingsAdapterRegistryImpl/"
[05:11:09] [main/TRACE] [REI] [REIPlugin END] Reloading Section: "end-reload/EntrySettingsAdapterRegistryImpl/" done in 39.26 μs
[05:11:09] [main/TRACE] [REI] [REIPlugin END] Reloading Section: "end-reload/RecipeManagerContextImpl/"
[05:11:09] [main/TRACE] [REI] [REIPlugin END] Reloading Section: "end-reload/RecipeManagerContextImpl/" done in 39.55 μs
[05:11:09] [main/TRACE] [REI] [REIPlugin END] Reloading Section: "end-reload/ItemComparatorRegistryImpl/"
[05:11:09] [main/TRACE] [REI] [REIPlugin END] Reloading Section: "end-reload/ItemComparatorRegistryImpl/" done in 38.77 μs
[05:11:09] [main/TRACE] [REI] [REIPlugin END] Reloading Section: "end-reload/FluidComparatorRegistryImpl/"
[05:11:09] [main/TRACE] [REI] [REIPlugin END] Reloading Section: "end-reload/FluidComparatorRegistryImpl/" done in 41.05 μs
[05:11:09] [main/TRACE] [REI] [REIPlugin END] Reloading Section: "end-reload/DisplaySerializerRegistryImpl/"
[05:11:09] [main/TRACE] [REI] [REIPlugin END] Reloading Section: "end-reload/DisplaySerializerRegistryImpl/" done in 39.78 μs
[05:11:09] [main/TRACE] [REI] [REIPlugin END] Reloading Section: "end-reload/FluidSupportProviderImpl/"
[05:11:09] [main/TRACE] [REI] [REIPlugin END] Reloading Section: "end-reload/FluidSupportProviderImpl/" done in 39.24 μs
[05:11:09] [main/TRACE] [REI] [REIPlugin END] Reloading Section: "end-reload/" done in 781.2 μs
[05:11:09] [main/DEBUG] [REI] ========================================
[05:11:09] [main/DEBUG] [REI] REIPlugin ended main-reload for END in 27.93 ms.
[05:11:09] [main/DEBUG] [REI] ========================================
[05:11:09] [main/INFO] [REI] ########################################
[05:11:09] [main/INFO] [REI] REIServerPlugin starting main-reload for END.
[05:11:09] [main/DEBUG] [REI] Reloadables (2):
[05:11:09] [main/DEBUG] [REI]  - MenuInfoRegistryImpl
[05:11:09] [main/DEBUG] [REI]  - SlotAccessorRegistryImpl
[05:11:09] [main/INFO] [REI] Plugins (4):
[05:11:09] [main/INFO] [REI]  - (-100.00) DefaultPlugin of DefaultPlugin [roughlyenoughitems]
[05:11:09] [main/INFO] [REI]  - (0.00) FabricFluidAPISupportPlugin
[05:11:09] [main/INFO] [REI]  - (0.00) ReiCompat of ReiCompat [travelersbackpack]
[05:11:09] [main/INFO] [REI]  - (0.00) DefaultRuntimePlugin of DefaultRuntimePlugin [roughlyenoughitems]
[05:11:09] [main/INFO] [REI] ########################################
[05:11:09] [main/TRACE] [REI] [REIServerPlugin END] Reloading Section: "start-reload/"
[05:11:09] [main/TRACE] [REI] [REIServerPlugin END] Reloading Section: "start-reload/MenuInfoRegistryImpl/"
[05:11:09] [main/TRACE] [REI] [REIServerPlugin END] Reloading Section: "start-reload/MenuInfoRegistryImpl/" done in 51.30 μs
[05:11:09] [main/TRACE] [REI] [REIServerPlugin END] Reloading Section: "start-reload/SlotAccessorRegistryImpl/"
[05:11:09] [main/TRACE] [REI] [REIServerPlugin END] Reloading Section: "start-reload/SlotAccessorRegistryImpl/" done in 49.75 μs
[05:11:09] [main/TRACE] [REI] [REIServerPlugin END] Reloading Section: "start-reload/" done in 355.2 μs
[05:11:09] [main/DEBUG] [REI] ========================================
[05:11:09] [main/DEBUG] [REI] REIServerPlugin started main-reload for END.
[05:11:09] [main/DEBUG] [REI] ========================================
[05:11:09] [main/TRACE] [REI] [REIServerPlugin END] Reloading Section: "reloadable-plugin/MenuInfoRegistryImpl/"
[05:11:09] [main/TRACE] [REI] [REIServerPlugin END] Reloading Section: "reloadable-plugin/MenuInfoRegistryImpl/DefaultPlugin of DefaultPlugin [roughlyenoughitems]/"
[05:11:09] [main/TRACE] [REI] [REIServerPlugin END] Reloading Section: "reloadable-plugin/MenuInfoRegistryImpl/DefaultPlugin of DefaultPlugin [roughlyenoughitems]/" done in 76.80 μs
[05:11:09] [main/TRACE] [REI] [REIServerPlugin END] Reloading Section: "reloadable-plugin/MenuInfoRegistryImpl/FabricFluidAPISupportPlugin/"
[05:11:09] [main/TRACE] [REI] [REIServerPlugin END] Reloading Section: "reloadable-plugin/MenuInfoRegistryImpl/FabricFluidAPISupportPlugin/" done in 48.27 μs
[05:11:09] [main/TRACE] [REI] [REIServerPlugin END] Reloading Section: "reloadable-plugin/MenuInfoRegistryImpl/ReiCompat of ReiCompat [travelersbackpack]/"
[05:11:09] [main/DEBUG] [REI] Added menu info for class com.tiviacz.travelersbackpack.inventory.screen.TravelersBackpackBaseScreenHandler [minecraft:plugins/crafting]: me.shedaniel.rei.api.common.transfer.info.simple.SimpleMenuInfoProvider$$Lambda/0x00007472b8f7df70@3cadd2d8
[05:11:09] [main/TRACE] [REI] [REIServerPlugin END] Reloading Section: "reloadable-plugin/MenuInfoRegistryImpl/ReiCompat of ReiCompat [travelersbackpack]/" done in 3.666 ms
[05:11:09] [main/TRACE] [REI] [REIServerPlugin END] Reloading Section: "reloadable-plugin/MenuInfoRegistryImpl/DefaultRuntimePlugin of DefaultRuntimePlugin [roughlyenoughitems]/"
[05:11:09] [main/TRACE] [REI] [REIServerPlugin END] Reloading Section: "reloadable-plugin/MenuInfoRegistryImpl/DefaultRuntimePlugin of DefaultRuntimePlugin [roughlyenoughitems]/" done in 49.61 μs
[05:11:09] [main/TRACE] [REI] [REIServerPlugin END] Reloading Section: "reloadable-plugin/MenuInfoRegistryImpl/" done in 4.324 ms
[05:11:09] [main/TRACE] [REI] [REIServerPlugin END] Reloading Section: "reloadable-plugin/SlotAccessorRegistryImpl/"
[05:11:09] [main/TRACE] [REI] [REIServerPlugin END] Reloading Section: "reloadable-plugin/SlotAccessorRegistryImpl/DefaultPlugin of DefaultPlugin [roughlyenoughitems]/"
[05:11:09] [main/TRACE] [REI] [REIServerPlugin END] Reloading Section: "reloadable-plugin/SlotAccessorRegistryImpl/DefaultPlugin of DefaultPlugin [roughlyenoughitems]/" done in 51.94 μs
[05:11:09] [main/TRACE] [REI] [REIServerPlugin END] Reloading Section: "reloadable-plugin/SlotAccessorRegistryImpl/FabricFluidAPISupportPlugin/"
[05:11:09] [main/TRACE] [REI] [REIServerPlugin END] Reloading Section: "reloadable-plugin/SlotAccessorRegistryImpl/FabricFluidAPISupportPlugin/" done in 44.15 μs
[05:11:09] [main/TRACE] [REI] [REIServerPlugin END] Reloading Section: "reloadable-plugin/SlotAccessorRegistryImpl/ReiCompat of ReiCompat [travelersbackpack]/"
[05:11:09] [main/TRACE] [REI] [REIServerPlugin END] Reloading Section: "reloadable-plugin/SlotAccessorRegistryImpl/ReiCompat of ReiCompat [travelersbackpack]/" done in 56.66 μs
[05:11:09] [main/TRACE] [REI] [REIServerPlugin END] Reloading Section: "reloadable-plugin/SlotAccessorRegistryImpl/DefaultRuntimePlugin of DefaultRuntimePlugin [roughlyenoughitems]/"
[05:11:09] [main/DEBUG] [REI] Added slot accessor serializer: me.shedaniel.rei.plugin.common.runtime.DefaultRuntimePlugin$1@2441a8b9 [roughlyenoughitems:vanilla]
[05:11:10] [main/DEBUG] [REI] Added slot accessor serializer: me.shedaniel.rei.plugin.common.runtime.DefaultRuntimePlugin$2@2b30d57 [roughlyenoughitems:player]
[05:11:10] [main/TRACE] [REI] [REIServerPlugin END] Reloading Section: "reloadable-plugin/SlotAccessorRegistryImpl/DefaultRuntimePlugin of DefaultRuntimePlugin [roughlyenoughitems]/" done in 1.609 ms
[05:11:10] [main/TRACE] [REI] [REIServerPlugin END] Reloading Section: "reloadable-plugin/SlotAccessorRegistryImpl/" done in 2.142 ms
[05:11:10] [main/DEBUG] [REI] ========================================
[05:11:10] [main/DEBUG] [REI] REIServerPlugin ending main-reload for END.
[05:11:10] [main/DEBUG] [REI] ========================================
[05:11:10] [main/TRACE] [REI] [REIServerPlugin END] Reloading Section: "end-reload/"
[05:11:10] [main/TRACE] [REI] [REIServerPlugin END] Reloading Section: "end-reload/MenuInfoRegistryImpl/"
[05:11:10] [main/DEBUG] [REI] Registered 1 menu infos
[05:11:10] [main/TRACE] [REI] [REIServerPlugin END] Reloading Section: "end-reload/MenuInfoRegistryImpl/" done in 103.8 μs
[05:11:10] [main/TRACE] [REI] [REIServerPlugin END] Reloading Section: "end-reload/SlotAccessorRegistryImpl/"
[05:11:10] [main/DEBUG] [REI] Registered 2 slot accessor serializers
[05:11:10] [main/TRACE] [REI] [REIServerPlugin END] Reloading Section: "end-reload/SlotAccessorRegistryImpl/" done in 93.11 μs
[05:11:10] [main/TRACE] [REI] [REIServerPlugin END] Reloading Section: "end-reload/" done in 394.9 μs
[05:11:10] [main/DEBUG] [REI] ========================================
[05:11:10] [main/DEBUG] [REI] REIServerPlugin ended main-reload for END in 9.370 ms.
[05:11:10] [main/DEBUG] [REI] ========================================
[05:11:10] [main/DEBUG] [REI] ========================================
[05:11:10] [main/DEBUG] [REI] REIPlugin starting post-reload for END.
[05:11:10] [main/DEBUG] [REI] Reloadables (7):
[05:11:10] [main/DEBUG] [REI]  - EntryTypeRegistryImpl
[05:11:10] [main/DEBUG] [REI]  - EntrySettingsAdapterRegistryImpl
[05:11:10] [main/DEBUG] [REI]  - RecipeManagerContextImpl
[05:11:10] [main/DEBUG] [REI]  - ItemComparatorRegistryImpl
[05:11:10] [main/DEBUG] [REI]  - FluidComparatorRegistryImpl
[05:11:10] [main/DEBUG] [REI]  - DisplaySerializerRegistryImpl
[05:11:10] [main/DEBUG] [REI]  - FluidSupportProviderImpl
[05:11:10] [main/DEBUG] [REI] Plugins (4):
[05:11:10] [main/DEBUG] [REI]  - (-100.00) DefaultPlugin of DefaultPlugin [roughlyenoughitems]
[05:11:10] [main/DEBUG] [REI]  - (0.00) FabricFluidAPISupportPlugin
[05:11:10] [main/DEBUG] [REI]  - (0.00) ReiCompat of ReiCompat [travelersbackpack]
[05:11:10] [main/DEBUG] [REI]  - (0.00) DefaultRuntimePlugin of DefaultRuntimePlugin [roughlyenoughitems]
[05:11:10] [main/DEBUG] [REI] ========================================
[05:11:10] [main/TRACE] [REI] [REIPlugin END] Reloading Section: "post-register/"
[05:11:10] [main/TRACE] [REI] [REIPlugin END] Reloading Section: "post-register/DefaultPlugin of DefaultPlugin [roughlyenoughitems]/"
[05:11:10] [main/TRACE] [REI] [REIPlugin END] Reloading Section: "post-register/DefaultPlugin of DefaultPlugin [roughlyenoughitems]/" done in 41.05 μs
[05:11:10] [main/TRACE] [REI] [REIPlugin END] Reloading Section: "post-register/FabricFluidAPISupportPlugin/"
[05:11:10] [main/TRACE] [REI] [REIPlugin END] Reloading Section: "post-register/FabricFluidAPISupportPlugin/" done in 41.76 μs
[05:11:10] [main/TRACE] [REI] [REIPlugin END] Reloading Section: "post-register/ReiCompat of ReiCompat [travelersbackpack]/"
[05:11:10] [main/TRACE] [REI] [REIPlugin END] Reloading Section: "post-register/ReiCompat of ReiCompat [travelersbackpack]/" done in 39.04 μs
[05:11:10] [main/TRACE] [REI] [REIPlugin END] Reloading Section: "post-register/DefaultRuntimePlugin of DefaultRuntimePlugin [roughlyenoughitems]/"
[05:11:10] [main/TRACE] [REI] [REIPlugin END] Reloading Section: "post-register/DefaultRuntimePlugin of DefaultRuntimePlugin [roughlyenoughitems]/" done in 39.69 μs
[05:11:10] [main/TRACE] [REI] [REIPlugin END] Reloading Section: "post-register/" done in 480.3 μs
[05:11:10] [main/TRACE] [REI] [REIPlugin END] Reloading Section: "post-stage/"
[05:11:10] [main/TRACE] [REI] [REIPlugin END] Reloading Section: "post-stage/EntryTypeRegistryImpl/"
[05:11:10] [main/TRACE] [REI] [REIPlugin END] Reloading Section: "post-stage/EntryTypeRegistryImpl/" done in 39.90 μs
[05:11:10] [main/TRACE] [REI] [REIPlugin END] Reloading Section: "post-stage/EntrySettingsAdapterRegistryImpl/"
[05:11:10] [main/TRACE] [REI] [REIPlugin END] Reloading Section: "post-stage/EntrySettingsAdapterRegistryImpl/" done in 39.14 μs
[05:11:10] [main/TRACE] [REI] [REIPlugin END] Reloading Section: "post-stage/RecipeManagerContextImpl/"
[05:11:10] [main/TRACE] [REI] [REIPlugin END] Reloading Section: "post-stage/RecipeManagerContextImpl/" done in 39.38 μs
[05:11:10] [main/TRACE] [REI] [REIPlugin END] Reloading Section: "post-stage/ItemComparatorRegistryImpl/"
[05:11:10] [main/TRACE] [REI] [REIPlugin END] Reloading Section: "post-stage/ItemComparatorRegistryImpl/" done in 37.53 μs
[05:11:10] [main/TRACE] [REI] [REIPlugin END] Reloading Section: "post-stage/FluidComparatorRegistryImpl/"
[05:11:10] [main/TRACE] [REI] [REIPlugin END] Reloading Section: "post-stage/FluidComparatorRegistryImpl/" done in 40.58 μs
[05:11:10] [main/TRACE] [REI] [REIPlugin END] Reloading Section: "post-stage/DisplaySerializerRegistryImpl/"
[05:11:10] [main/TRACE] [REI] [REIPlugin END] Reloading Section: "post-stage/DisplaySerializerRegistryImpl/" done in 38.96 μs
[05:11:10] [main/TRACE] [REI] [REIPlugin END] Reloading Section: "post-stage/FluidSupportProviderImpl/"
[05:11:10] [main/TRACE] [REI] [REIPlugin END] Reloading Section: "post-stage/FluidSupportProviderImpl/" done in 43.01 μs
[05:11:10] [main/TRACE] [REI] [REIPlugin END] Reloading Section: "post-stage/" done in 798.1 μs
[05:11:10] [main/DEBUG] [REI] ========================================
[05:11:10] [main/INFO] [REI] REIPlugin finished post-reload for END in 1.398 ms, totaling 31.23 ms.
[05:11:10] [main/DEBUG] [REI] ========================================
[05:11:10] [main/DEBUG] [REI] ========================================
[05:11:10] [main/DEBUG] [REI] REIServerPlugin starting post-reload for END.
[05:11:10] [main/DEBUG] [REI] Reloadables (2):
[05:11:10] [main/DEBUG] [REI]  - MenuInfoRegistryImpl
[05:11:10] [main/DEBUG] [REI]  - SlotAccessorRegistryImpl
[05:11:10] [main/DEBUG] [REI] Plugins (4):
[05:11:10] [main/DEBUG] [REI]  - (-100.00) DefaultPlugin of DefaultPlugin [roughlyenoughitems]
[05:11:10] [main/DEBUG] [REI]  - (0.00) FabricFluidAPISupportPlugin
[05:11:10] [main/DEBUG] [REI]  - (0.00) ReiCompat of ReiCompat [travelersbackpack]
[05:11:10] [main/DEBUG] [REI]  - (0.00) DefaultRuntimePlugin of DefaultRuntimePlugin [roughlyenoughitems]
[05:11:10] [main/DEBUG] [REI] ========================================
[05:11:10] [main/TRACE] [REI] [REIServerPlugin END] Reloading Section: "post-register/"
[05:11:10] [main/TRACE] [REI] [REIServerPlugin END] Reloading Section: "post-register/DefaultPlugin of DefaultPlugin [roughlyenoughitems]/"
[05:11:10] [main/TRACE] [REI] [REIServerPlugin END] Reloading Section: "post-register/DefaultPlugin of DefaultPlugin [roughlyenoughitems]/" done in 41.89 μs
[05:11:10] [main/TRACE] [REI] [REIServerPlugin END] Reloading Section: "post-register/FabricFluidAPISupportPlugin/"
[05:11:10] [main/TRACE] [REI] [REIServerPlugin END] Reloading Section: "post-register/FabricFluidAPISupportPlugin/" done in 41.93 μs
[05:11:10] [main/TRACE] [REI] [REIServerPlugin END] Reloading Section: "post-register/ReiCompat of ReiCompat [travelersbackpack]/"
[05:11:10] [main/TRACE] [REI] [REIServerPlugin END] Reloading Section: "post-register/ReiCompat of ReiCompat [travelersbackpack]/" done in 40.69 μs
[05:11:10] [main/TRACE] [REI] [REIServerPlugin END] Reloading Section: "post-register/DefaultRuntimePlugin of DefaultRuntimePlugin [roughlyenoughitems]/"
[05:11:10] [main/TRACE] [REI] [REIServerPlugin END] Reloading Section: "post-register/DefaultRuntimePlugin of DefaultRuntimePlugin [roughlyenoughitems]/" done in 39.28 μs
[05:11:10] [main/TRACE] [REI] [REIServerPlugin END] Reloading Section: "post-register/" done in 511.4 μs
[05:11:10] [main/TRACE] [REI] [REIServerPlugin END] Reloading Section: "post-stage/"
[05:11:10] [main/TRACE] [REI] [REIServerPlugin END] Reloading Section: "post-stage/MenuInfoRegistryImpl/"
[05:11:10] [main/TRACE] [REI] [REIServerPlugin END] Reloading Section: "post-stage/MenuInfoRegistryImpl/" done in 39.90 μs
[05:11:10] [main/TRACE] [REI] [REIServerPlugin END] Reloading Section: "post-stage/SlotAccessorRegistryImpl/"
[05:11:10] [main/TRACE] [REI] [REIServerPlugin END] Reloading Section: "post-stage/SlotAccessorRegistryImpl/" done in 40.19 μs
[05:11:10] [main/TRACE] [REI] [REIServerPlugin END] Reloading Section: "post-stage/" done in 260.6 μs
[05:11:10] [main/DEBUG] [REI] ========================================
[05:11:10] [main/INFO] [REI] REIServerPlugin finished post-reload for END in 887.6 μs, totaling 11.23 ms.
[05:11:10] [main/DEBUG] [REI] ========================================
